{"/home/travis/build/npmtest/node-npmtest-react-datepicker/test.js":{"path":"/home/travis/build/npmtest/node-npmtest-react-datepicker/test.js","s":{"1":2,"2":2,"3":2,"4":2,"5":2,"6":2,"7":2,"8":1,"9":2,"10":2,"11":1,"12":1,"13":1,"14":1,"15":2,"16":2,"17":2,"18":2,"19":1,"20":1,"21":2,"22":2,"23":2,"24":1,"25":1,"26":1,"27":1,"28":1,"29":1,"30":1,"31":1,"32":1,"33":1,"34":1,"35":1,"36":1,"37":1,"38":1,"39":2,"40":2,"41":1,"42":2,"43":2,"44":1,"45":2,"46":2,"47":1,"48":2,"49":2,"50":1,"51":1,"52":1,"53":1,"54":1},"b":{"1":[2,1,1,1],"2":[1,1,1,1],"3":[1,1],"4":[1,1],"5":[1,1],"6":[1,1],"7":[1,1],"8":[1,1],"9":[1,1],"10":[1,1,1],"11":[1,1],"12":[1,1],"13":[1,1],"14":[1,1],"15":[1,1],"16":[1,1],"17":[1,1]},"f":{"1":2,"2":2,"3":2,"4":2,"5":2,"6":1,"7":1,"8":1,"9":2,"10":2,"11":2,"12":2,"13":1},"fnMap":{"1":{"name":"(anonymous_1)","line":12,"loc":{"start":{"line":12,"column":1},"end":{"line":12,"column":13}}},"2":{"name":"(anonymous_2)","line":19,"loc":{"start":{"line":19,"column":5},"end":{"line":19,"column":17}}},"3":{"name":"(anonymous_3)","line":23,"loc":{"start":{"line":23,"column":24},"end":{"line":23,"column":36}}},"4":{"name":"(anonymous_4)","line":61,"loc":{"start":{"line":61,"column":5},"end":{"line":61,"column":17}}},"5":{"name":"(anonymous_5)","line":82,"loc":{"start":{"line":82,"column":5},"end":{"line":82,"column":17}}},"6":{"name":"(anonymous_6)","line":91,"loc":{"start":{"line":91,"column":77},"end":{"line":94,"column":10}}},"7":{"name":"(anonymous_7)","line":112,"loc":{"start":{"line":112,"column":83},"end":{"line":115,"column":10}},"skip":true},"8":{"name":"(anonymous_8)","line":123,"loc":{"start":{"line":123,"column":77},"end":{"line":126,"column":10}},"skip":true},"9":{"name":"(anonymous_9)","line":139,"loc":{"start":{"line":139,"column":12},"end":{"line":139,"column":40}},"skip":true},"10":{"name":"(anonymous_10)","line":147,"loc":{"start":{"line":147,"column":77},"end":{"line":150,"column":10}},"skip":true},"11":{"name":"(anonymous_11)","line":158,"loc":{"start":{"line":158,"column":83},"end":{"line":161,"column":10}},"skip":true},"12":{"name":"(anonymous_12)","line":169,"loc":{"start":{"line":169,"column":79},"end":{"line":172,"column":10}},"skip":true},"13":{"name":"(anonymous_13)","line":180,"loc":{"start":{"line":180,"column":75},"end":{"line":183,"column":10}},"skip":true}},"statementMap":{"1":{"start":{"line":12,"column":0},"end":{"line":195,"column":5}},"2":{"start":{"line":14,"column":4},"end":{"line":14,"column":14}},"3":{"start":{"line":19,"column":4},"end":{"line":56,"column":9}},"4":{"start":{"line":21,"column":8},"end":{"line":21,"column":19}},"5":{"start":{"line":23,"column":8},"end":{"line":35,"column":13}},"6":{"start":{"line":24,"column":12},"end":{"line":34,"column":13}},"7":{"start":{"line":25,"column":16},"end":{"line":28,"column":30}},"8":{"start":{"line":30,"column":16},"end":{"line":33,"column":27}},"9":{"start":{"line":37,"column":8},"end":{"line":39,"column":21}},"10":{"start":{"line":40,"column":8},"end":{"line":53,"column":9}},"11":{"start":{"line":43,"column":12},"end":{"line":46,"column":14}},"12":{"start":{"line":47,"column":12},"end":{"line":47,"column":18}},"13":{"start":{"line":50,"column":12},"end":{"line":51,"column":33}},"14":{"start":{"line":52,"column":12},"end":{"line":52,"column":18}},"15":{"start":{"line":55,"column":8},"end":{"line":55,"column":35}},"16":{"start":{"line":61,"column":4},"end":{"line":63,"column":9}},"17":{"start":{"line":62,"column":8},"end":{"line":62,"column":15}},"18":{"start":{"line":64,"column":4},"end":{"line":77,"column":5}},"19":{"start":{"line":70,"column":8},"end":{"line":70,"column":14}},"20":{"start":{"line":76,"column":8},"end":{"line":76,"column":14}},"21":{"start":{"line":82,"column":4},"end":{"line":84,"column":9}},"22":{"start":{"line":83,"column":8},"end":{"line":83,"column":15}},"23":{"start":{"line":85,"column":4},"end":{"line":194,"column":5}},"24":{"start":{"line":91,"column":8},"end":{"line":99,"column":10}},"25":{"start":{"line":98,"column":12},"end":{"line":98,"column":35}},"26":{"start":{"line":102,"column":8},"end":{"line":104,"column":63}},"27":{"start":{"line":105,"column":8},"end":{"line":105,"column":14}},"28":{"start":{"line":112,"column":8},"end":{"line":121,"column":10},"skip":true},"29":{"start":{"line":119,"column":12},"end":{"line":119,"column":55},"skip":true},"30":{"start":{"line":120,"column":12},"end":{"line":120,"column":48},"skip":true},"31":{"start":{"line":123,"column":8},"end":{"line":136,"column":10},"skip":true},"32":{"start":{"line":130,"column":12},"end":{"line":130,"column":76},"skip":true},"33":{"start":{"line":131,"column":12},"end":{"line":131,"column":73},"skip":true},"34":{"start":{"line":132,"column":12},"end":{"line":132,"column":74},"skip":true},"35":{"start":{"line":133,"column":12},"end":{"line":133,"column":79},"skip":true},"36":{"start":{"line":134,"column":12},"end":{"line":134,"column":25},"skip":true},"37":{"start":{"line":135,"column":12},"end":{"line":135,"column":45},"skip":true},"38":{"start":{"line":138,"column":8},"end":{"line":145,"column":14},"skip":true},"39":{"start":{"line":143,"column":16},"end":{"line":143,"column":29},"skip":true},"40":{"start":{"line":144,"column":16},"end":{"line":144,"column":55},"skip":true},"41":{"start":{"line":147,"column":8},"end":{"line":156,"column":10},"skip":true},"42":{"start":{"line":154,"column":12},"end":{"line":154,"column":25},"skip":true},"43":{"start":{"line":155,"column":12},"end":{"line":155,"column":45},"skip":true},"44":{"start":{"line":158,"column":8},"end":{"line":167,"column":10},"skip":true},"45":{"start":{"line":165,"column":12},"end":{"line":165,"column":25},"skip":true},"46":{"start":{"line":166,"column":12},"end":{"line":166,"column":48},"skip":true},"47":{"start":{"line":169,"column":8},"end":{"line":178,"column":10},"skip":true},"48":{"start":{"line":176,"column":12},"end":{"line":176,"column":25},"skip":true},"49":{"start":{"line":177,"column":12},"end":{"line":177,"column":46},"skip":true},"50":{"start":{"line":180,"column":8},"end":{"line":189,"column":10},"skip":true},"51":{"start":{"line":187,"column":12},"end":{"line":187,"column":94},"skip":true},"52":{"start":{"line":188,"column":12},"end":{"line":188,"column":48},"skip":true},"53":{"start":{"line":192,"column":8},"end":{"line":192,"column":35},"skip":true},"54":{"start":{"line":193,"column":8},"end":{"line":193,"column":14},"skip":true}},"branchMap":{"1":{"line":25,"type":"binary-expr","locations":[{"start":{"line":25,"column":23},"end":{"line":25,"column":62}},{"start":{"line":26,"column":20},"end":{"line":26,"column":70}},{"start":{"line":27,"column":20},"end":{"line":27,"column":71}},{"start":{"line":28,"column":20},"end":{"line":28,"column":29}}]},"2":{"line":30,"type":"binary-expr","locations":[{"start":{"line":30,"column":23},"end":{"line":30,"column":37}},{"start":{"line":31,"column":20},"end":{"line":31,"column":61}},{"start":{"line":32,"column":20},"end":{"line":32,"column":70}},{"start":{"line":33,"column":20},"end":{"line":33,"column":26}}]},"3":{"line":37,"type":"cond-expr","locations":[{"start":{"line":38,"column":14},"end":{"line":38,"column":20}},{"start":{"line":39,"column":14},"end":{"line":39,"column":20}}]},"4":{"line":40,"type":"switch","locations":[{"start":{"line":42,"column":8},"end":{"line":47,"column":18}},{"start":{"line":49,"column":8},"end":{"line":52,"column":18}}]},"5":{"line":44,"type":"binary-expr","locations":[{"start":{"line":44,"column":16},"end":{"line":44,"column":44}},{"start":{"line":44,"column":48},"end":{"line":44,"column":66}}]},"6":{"line":50,"type":"binary-expr","locations":[{"start":{"line":50,"column":21},"end":{"line":50,"column":49}},{"start":{"line":50,"column":53},"end":{"line":50,"column":72}}]},"7":{"line":64,"type":"switch","locations":[{"start":{"line":69,"column":4},"end":{"line":70,"column":14}},{"start":{"line":75,"column":4},"end":{"line":76,"column":14}}]},"8":{"line":85,"type":"switch","locations":[{"start":{"line":90,"column":4},"end":{"line":105,"column":14}},{"start":{"line":111,"column":4},"end":{"line":193,"column":14},"skip":true}]},"9":{"line":91,"type":"binary-expr","locations":[{"start":{"line":91,"column":42},"end":{"line":91,"column":73}},{"start":{"line":91,"column":77},"end":{"line":99,"column":9}}]},"10":{"line":102,"type":"binary-expr","locations":[{"start":{"line":102,"column":18},"end":{"line":102,"column":32}},{"start":{"line":103,"column":12},"end":{"line":103,"column":53}},{"start":{"line":104,"column":12},"end":{"line":104,"column":61}}]},"11":{"line":112,"type":"binary-expr","locations":[{"start":{"line":112,"column":45},"end":{"line":112,"column":79},"skip":true},{"start":{"line":112,"column":83},"end":{"line":121,"column":9},"skip":true}]},"12":{"line":123,"type":"binary-expr","locations":[{"start":{"line":123,"column":42},"end":{"line":123,"column":73},"skip":true},{"start":{"line":123,"column":77},"end":{"line":136,"column":9},"skip":true}]},"13":{"line":138,"type":"binary-expr","locations":[{"start":{"line":138,"column":48},"end":{"line":138,"column":85},"skip":true},{"start":{"line":139,"column":12},"end":{"line":145,"column":13},"skip":true}]},"14":{"line":147,"type":"binary-expr","locations":[{"start":{"line":147,"column":42},"end":{"line":147,"column":73},"skip":true},{"start":{"line":147,"column":77},"end":{"line":156,"column":9},"skip":true}]},"15":{"line":158,"type":"binary-expr","locations":[{"start":{"line":158,"column":45},"end":{"line":158,"column":79},"skip":true},{"start":{"line":158,"column":83},"end":{"line":167,"column":9},"skip":true}]},"16":{"line":169,"type":"binary-expr","locations":[{"start":{"line":169,"column":43},"end":{"line":169,"column":75},"skip":true},{"start":{"line":169,"column":79},"end":{"line":178,"column":9},"skip":true}]},"17":{"line":180,"type":"binary-expr","locations":[{"start":{"line":180,"column":41},"end":{"line":180,"column":71},"skip":true},{"start":{"line":180,"column":75},"end":{"line":189,"column":9},"skip":true}]}},"code":["/* istanbul instrument in package npmtest_react_datepicker */","/*jslint","    bitwise: true,","    browser: true,","    maxerr: 8,","    maxlen: 96,","    node: true,","    nomen: true,","    regexp: true,","    stupid: true","*/","(function () {","    'use strict';","    var local;","","","","    // run shared js-env code - init-before","    (function () {","        // init local","        local = {};","        // init modeJs","        local.modeJs = (function () {","            try {","                return typeof navigator.userAgent === 'string' &&","                    typeof document.querySelector('body') === 'object' &&","                    typeof XMLHttpRequest.prototype.open === 'function' &&","                    'browser';","            } catch (errorCaughtBrowser) {","                return module.exports &&","                    typeof process.versions.node === 'string' &&","                    typeof require('http').createServer === 'function' &&","                    'node';","            }","        }());","        // init global","        local.global = local.modeJs === 'browser'","            ? window","            : global;","        switch (local.modeJs) {","        // re-init local from window.local","        case 'browser':","            local = local.global.utility2.objectSetDefault(","                local.global.utility2_rollup || local.global.local,","                local.global.utility2","            );","            break;","        // re-init local from example.js","        case 'node':","            local = (local.global.utility2_rollup || require('utility2'))","                .requireReadme();","            break;","        }","        // export local","        local.global.local = local;","    }());","","","","    // run shared js-env code - function","    (function () {","        return;","    }());","    switch (local.modeJs) {","","","","    // run browser js-env code - function","    case 'browser':","        break;","","","","    // run node js-env code - function","    case 'node':","        break;","    }","","","","    // run shared js-env code - init-after","    (function () {","        return;","    }());","    switch (local.modeJs) {","","","","    // run browser js-env code - init-after","    case 'browser':","        local.testCase_browser_nullCase = local.testCase_browser_nullCase || function (","            options,","            onError","        ) {","        /*","         * this function will test browsers's null-case handling-behavior-behavior","         */","            onError(null, options);","        };","","        // run tests","        local.nop(local.modeTest &&","            document.querySelector('#testRunButton1') &&","            document.querySelector('#testRunButton1').click());","        break;","","","","    // run node js-env code - init-after","    /* istanbul ignore next */","    case 'node':","        local.testCase_buildApidoc_default = local.testCase_buildApidoc_default || function (","            options,","            onError","        ) {","        /*","         * this function will test buildApidoc's default handling-behavior-behavior","         */","            options = { modulePathList: module.paths };","            local.buildApidoc(options, onError);","        };","","        local.testCase_buildApp_default = local.testCase_buildApp_default || function (","            options,","            onError","        ) {","        /*","         * this function will test buildApp's default handling-behavior-behavior","         */","            local.testCase_buildReadme_default(options, local.onErrorThrow);","            local.testCase_buildLib_default(options, local.onErrorThrow);","            local.testCase_buildTest_default(options, local.onErrorThrow);","            local.testCase_buildCustomOrg_default(options, local.onErrorThrow);","            options = [];","            local.buildApp(options, onError);","        };","","        local.testCase_buildCustomOrg_default = local.testCase_buildCustomOrg_default ||","            function (options, onError) {","            /*","             * this function will test buildCustomOrg's default handling-behavior","             */","                options = {};","                local.buildCustomOrg(options, onError);","            };","","        local.testCase_buildLib_default = local.testCase_buildLib_default || function (","            options,","            onError","        ) {","        /*","         * this function will test buildLib's default handling-behavior","         */","            options = {};","            local.buildLib(options, onError);","        };","","        local.testCase_buildReadme_default = local.testCase_buildReadme_default || function (","            options,","            onError","        ) {","        /*","         * this function will test buildReadme's default handling-behavior-behavior","         */","            options = {};","            local.buildReadme(options, onError);","        };","","        local.testCase_buildTest_default = local.testCase_buildTest_default || function (","            options,","            onError","        ) {","        /*","         * this function will test buildTest's default handling-behavior","         */","            options = {};","            local.buildTest(options, onError);","        };","","        local.testCase_webpage_default = local.testCase_webpage_default || function (","            options,","            onError","        ) {","        /*","         * this function will test webpage's default handling-behavior","         */","            options = { modeCoverageMerge: true, url: local.serverLocalHost + '?modeTest=1' };","            local.browserTest(options, onError);","        };","","        // run test-server","        local.testRunServer(local);","        break;","    }","}());",""],"l":{"12":2,"14":2,"19":2,"21":2,"23":2,"24":2,"25":2,"30":1,"37":2,"40":2,"43":1,"47":1,"50":1,"52":1,"55":2,"61":2,"62":2,"64":2,"70":1,"76":1,"82":2,"83":2,"85":2,"91":1,"98":1,"102":1,"105":1,"112":1,"119":1,"120":1,"123":1,"130":1,"131":1,"132":1,"133":1,"134":1,"135":1,"138":1,"143":2,"144":2,"147":1,"154":2,"155":2,"158":1,"165":2,"166":2,"169":1,"176":2,"177":2,"180":1,"187":1,"188":1,"192":1,"193":1}},"/home/travis/build/npmtest/node-npmtest-react-datepicker/lib.npmtest_react_datepicker.js":{"path":"/home/travis/build/npmtest/node-npmtest-react-datepicker/lib.npmtest_react_datepicker.js","s":{"1":2,"2":2,"3":2,"4":2,"5":2,"6":2,"7":2,"8":1,"9":2,"10":2,"11":2,"12":2,"13":1,"14":1,"15":1,"16":1},"b":{"1":[2,1,1,1],"2":[1,1,1,1],"3":[1,1],"4":[2,2],"5":[1,1]},"f":{"1":2,"2":2,"3":2},"fnMap":{"1":{"name":"(anonymous_1)","line":12,"loc":{"start":{"line":12,"column":1},"end":{"line":12,"column":13}}},"2":{"name":"(anonymous_2)","line":19,"loc":{"start":{"line":19,"column":5},"end":{"line":19,"column":17}}},"3":{"name":"(anonymous_3)","line":23,"loc":{"start":{"line":23,"column":24},"end":{"line":23,"column":36}}}},"statementMap":{"1":{"start":{"line":12,"column":0},"end":{"line":53,"column":5}},"2":{"start":{"line":14,"column":4},"end":{"line":14,"column":14}},"3":{"start":{"line":19,"column":4},"end":{"line":52,"column":9}},"4":{"start":{"line":21,"column":8},"end":{"line":21,"column":19}},"5":{"start":{"line":23,"column":8},"end":{"line":35,"column":13}},"6":{"start":{"line":24,"column":12},"end":{"line":34,"column":13}},"7":{"start":{"line":25,"column":16},"end":{"line":28,"column":30}},"8":{"start":{"line":30,"column":16},"end":{"line":33,"column":27}},"9":{"start":{"line":37,"column":8},"end":{"line":39,"column":21}},"10":{"start":{"line":41,"column":8},"end":{"line":41,"column":54}},"11":{"start":{"line":43,"column":8},"end":{"line":43,"column":61}},"12":{"start":{"line":45,"column":8},"end":{"line":51,"column":9}},"13":{"start":{"line":46,"column":12},"end":{"line":46,"column":67}},"14":{"start":{"line":48,"column":12},"end":{"line":48,"column":35}},"15":{"start":{"line":49,"column":12},"end":{"line":49,"column":49}},"16":{"start":{"line":50,"column":12},"end":{"line":50,"column":43}}},"branchMap":{"1":{"line":25,"type":"binary-expr","locations":[{"start":{"line":25,"column":23},"end":{"line":25,"column":62}},{"start":{"line":26,"column":20},"end":{"line":26,"column":70}},{"start":{"line":27,"column":20},"end":{"line":27,"column":71}},{"start":{"line":28,"column":20},"end":{"line":28,"column":29}}]},"2":{"line":30,"type":"binary-expr","locations":[{"start":{"line":30,"column":23},"end":{"line":30,"column":37}},{"start":{"line":31,"column":20},"end":{"line":31,"column":61}},{"start":{"line":32,"column":20},"end":{"line":32,"column":70}},{"start":{"line":33,"column":20},"end":{"line":33,"column":26}}]},"3":{"line":37,"type":"cond-expr","locations":[{"start":{"line":38,"column":14},"end":{"line":38,"column":20}},{"start":{"line":39,"column":14},"end":{"line":39,"column":20}}]},"4":{"line":41,"type":"binary-expr","locations":[{"start":{"line":41,"column":16},"end":{"line":41,"column":44}},{"start":{"line":41,"column":48},"end":{"line":41,"column":53}}]},"5":{"line":45,"type":"if","locations":[{"start":{"line":45,"column":8},"end":{"line":45,"column":8}},{"start":{"line":45,"column":8},"end":{"line":45,"column":8}}]}},"code":["/* istanbul instrument in package npmtest_react_datepicker */","/*jslint","    bitwise: true,","    browser: true,","    maxerr: 8,","    maxlen: 96,","    node: true,","    nomen: true,","    regexp: true,","    stupid: true","*/","(function () {","    'use strict';","    var local;","","","","    // run shared js-env code - init-before","    (function () {","        // init local","        local = {};","        // init modeJs","        local.modeJs = (function () {","            try {","                return typeof navigator.userAgent === 'string' &&","                    typeof document.querySelector('body') === 'object' &&","                    typeof XMLHttpRequest.prototype.open === 'function' &&","                    'browser';","            } catch (errorCaughtBrowser) {","                return module.exports &&","                    typeof process.versions.node === 'string' &&","                    typeof require('http').createServer === 'function' &&","                    'node';","            }","        }());","        // init global","        local.global = local.modeJs === 'browser'","            ? window","            : global;","        // init utility2_rollup","        local = local.global.utility2_rollup || local;","        // init lib","        local.local = local.npmtest_react_datepicker = local;","        // init exports","        if (local.modeJs === 'browser') {","            local.global.utility2_npmtest_react_datepicker = local;","        } else {","            module.exports = local;","            module.exports.__dirname = __dirname;","            module.exports.module = module;","        }","    }());","}());",""],"l":{"12":2,"14":2,"19":2,"21":2,"23":2,"24":2,"25":2,"30":1,"37":2,"41":2,"43":2,"45":2,"46":1,"48":1,"49":1,"50":1}},"/home/travis/build/npmtest/node-npmtest-react-datepicker/example.js":{"path":"/home/travis/build/npmtest/node-npmtest-react-datepicker/example.js","s":{"1":2,"2":2,"3":2,"4":2,"5":2,"6":2,"7":2,"8":1,"9":2,"10":2,"11":2,"12":2,"13":1,"14":2,"15":2,"16":2,"17":2,"18":2,"19":0,"20":2,"21":1,"22":1,"23":1,"24":1,"25":1,"26":0,"27":0,"28":1,"29":1,"30":2,"31":0,"32":0,"33":0,"34":1,"35":2,"36":2,"37":3,"38":3,"39":3,"40":3,"41":0,"42":3,"43":3,"44":3,"45":1,"46":3,"47":1,"48":1,"49":1,"50":1,"51":1,"52":1,"53":1,"54":1,"55":1,"56":1,"57":0,"58":1,"59":6,"60":6,"61":1,"62":2,"63":0,"64":2,"65":1,"66":1,"67":0,"68":0,"69":0,"70":0,"71":0,"72":0,"73":0,"74":0,"75":0,"76":0,"77":0,"78":0,"79":0,"80":0,"81":0,"82":0,"83":0},"b":{"1":[2,1,1,1],"2":[1,1,1,1],"3":[1,1],"4":[2,2],"5":[1,1],"6":[1,1],"7":[2,0],"8":[2,1,1,1,1,1],"9":[0,2,0],"10":[1,1],"11":[2,1,1],"12":[1,0],"13":[0,2],"14":[2,0,0,0,0,0,0],"15":[0,3],"16":[3,0],"17":[1,1],"18":[0,1],"19":[1,2,0,2],"20":[1,0],"21":[1,1],"22":[0,0],"23":[0,0],"24":[0,0],"25":[0,0],"26":[0,0],"27":[0,0],"28":[0,0]},"f":{"1":2,"2":2,"3":2,"4":2,"5":2,"6":2,"7":3,"8":3,"9":3,"10":1,"11":6,"12":0},"fnMap":{"1":{"name":"(anonymous_1)","line":26,"loc":{"start":{"line":26,"column":1},"end":{"line":26,"column":13}}},"2":{"name":"(anonymous_2)","line":33,"loc":{"start":{"line":33,"column":5},"end":{"line":33,"column":17}}},"3":{"name":"(anonymous_3)","line":37,"loc":{"start":{"line":37,"column":24},"end":{"line":37,"column":36}}},"4":{"name":"(anonymous_4)","line":69,"loc":{"start":{"line":69,"column":31},"end":{"line":69,"column":48}},"skip":true},"5":{"name":"(anonymous_5)","line":78,"loc":{"start":{"line":78,"column":26},"end":{"line":78,"column":45}},"skip":true},"6":{"name":"(anonymous_6)","line":123,"loc":{"start":{"line":123,"column":33},"end":{"line":123,"column":48}},"skip":true},"7":{"name":"(anonymous_7)","line":125,"loc":{"start":{"line":125,"column":27},"end":{"line":125,"column":39}},"skip":true},"8":{"name":"(anonymous_8)","line":133,"loc":{"start":{"line":133,"column":59},"end":{"line":133,"column":74}},"skip":true},"9":{"name":"(anonymous_9)","line":143,"loc":{"start":{"line":143,"column":45},"end":{"line":143,"column":62}},"skip":true},"10":{"name":"(anonymous_10)","line":144,"loc":{"start":{"line":144,"column":73},"end":{"line":144,"column":92}},"skip":true},"11":{"name":"(anonymous_11)","line":272,"loc":{"start":{"line":272,"column":51},"end":{"line":272,"column":77}},"skip":true},"12":{"name":"(anonymous_12)","line":315,"loc":{"start":{"line":315,"column":32},"end":{"line":315,"column":61}},"skip":true}},"statementMap":{"1":{"start":{"line":26,"column":0},"end":{"line":326,"column":5}},"2":{"start":{"line":28,"column":4},"end":{"line":28,"column":14}},"3":{"start":{"line":33,"column":4},"end":{"line":60,"column":9}},"4":{"start":{"line":35,"column":8},"end":{"line":35,"column":19}},"5":{"start":{"line":37,"column":8},"end":{"line":49,"column":13}},"6":{"start":{"line":38,"column":12},"end":{"line":48,"column":13}},"7":{"start":{"line":39,"column":16},"end":{"line":42,"column":30}},"8":{"start":{"line":44,"column":16},"end":{"line":47,"column":27}},"9":{"start":{"line":51,"column":8},"end":{"line":53,"column":21}},"10":{"start":{"line":55,"column":8},"end":{"line":57,"column":45}},"11":{"start":{"line":59,"column":8},"end":{"line":59,"column":35}},"12":{"start":{"line":61,"column":4},"end":{"line":325,"column":5}},"13":{"start":{"line":69,"column":8},"end":{"line":121,"column":10},"skip":true},"14":{"start":{"line":70,"column":12},"end":{"line":88,"column":13},"skip":true},"15":{"start":{"line":76,"column":16},"end":{"line":87,"column":19},"skip":true},"16":{"start":{"line":79,"column":20},"end":{"line":86,"column":21},"skip":true},"17":{"start":{"line":82,"column":24},"end":{"line":82,"column":43},"skip":true},"18":{"start":{"line":83,"column":24},"end":{"line":83,"column":30},"skip":true},"19":{"start":{"line":85,"column":24},"end":{"line":85,"column":49},"skip":true},"20":{"start":{"line":89,"column":12},"end":{"line":107,"column":13},"skip":true},"21":{"start":{"line":92,"column":16},"end":{"line":102,"column":17},"skip":true},"22":{"start":{"line":93,"column":20},"end":{"line":93,"column":86},"skip":true},"23":{"start":{"line":94,"column":20},"end":{"line":95,"column":45},"skip":true},"24":{"start":{"line":96,"column":20},"end":{"line":96,"column":42},"skip":true},"25":{"start":{"line":97,"column":20},"end":{"line":97,"column":48},"skip":true},"26":{"start":{"line":100,"column":20},"end":{"line":100,"column":85},"skip":true},"27":{"start":{"line":101,"column":20},"end":{"line":101,"column":96},"skip":true},"28":{"start":{"line":103,"column":16},"end":{"line":103,"column":22},"skip":true},"29":{"start":{"line":106,"column":16},"end":{"line":106,"column":22},"skip":true},"30":{"start":{"line":108,"column":12},"end":{"line":120,"column":13},"skip":true},"31":{"start":{"line":114,"column":16},"end":{"line":119,"column":17},"skip":true},"32":{"start":{"line":116,"column":20},"end":{"line":116,"column":78},"skip":true},"33":{"start":{"line":118,"column":20},"end":{"line":118,"column":47},"skip":true},"34":{"start":{"line":123,"column":8},"end":{"line":141,"column":11},"skip":true},"35":{"start":{"line":124,"column":12},"end":{"line":124,"column":54},"skip":true},"36":{"start":{"line":125,"column":12},"end":{"line":140,"column":14},"skip":true},"37":{"start":{"line":126,"column":16},"end":{"line":126,"column":28},"skip":true},"38":{"start":{"line":127,"column":16},"end":{"line":127,"column":69},"skip":true},"39":{"start":{"line":128,"column":16},"end":{"line":128,"column":75},"skip":true},"40":{"start":{"line":129,"column":16},"end":{"line":131,"column":17},"skip":true},"41":{"start":{"line":130,"column":20},"end":{"line":130,"column":27},"skip":true},"42":{"start":{"line":133,"column":16},"end":{"line":137,"column":36},"skip":true},"43":{"start":{"line":134,"column":20},"end":{"line":136,"column":55},"skip":true},"44":{"start":{"line":139,"column":16},"end":{"line":139,"column":57},"skip":true},"45":{"start":{"line":143,"column":8},"end":{"line":147,"column":11},"skip":true},"46":{"start":{"line":144,"column":12},"end":{"line":146,"column":15},"skip":true},"47":{"start":{"line":145,"column":16},"end":{"line":145,"column":70},"skip":true},"48":{"start":{"line":149,"column":8},"end":{"line":149,"column":31},"skip":true},"49":{"start":{"line":150,"column":8},"end":{"line":150,"column":14},"skip":true},"50":{"start":{"line":158,"column":8},"end":{"line":158,"column":31},"skip":true},"51":{"start":{"line":160,"column":8},"end":{"line":160,"column":33},"skip":true},"52":{"start":{"line":161,"column":8},"end":{"line":161,"column":37},"skip":true},"53":{"start":{"line":162,"column":8},"end":{"line":162,"column":35},"skip":true},"54":{"start":{"line":164,"column":8},"end":{"line":164,"column":50},"skip":true},"55":{"start":{"line":166,"column":8},"end":{"line":256,"column":2},"skip":true},"56":{"start":{"line":258,"column":8},"end":{"line":286,"column":9},"skip":true},"57":{"start":{"line":259,"column":12},"end":{"line":269,"column":14},"skip":true},"58":{"start":{"line":271,"column":12},"end":{"line":285,"column":19},"skip":true},"59":{"start":{"line":274,"column":20},"end":{"line":274,"column":35},"skip":true},"60":{"start":{"line":275,"column":20},"end":{"line":284,"column":21},"skip":true},"61":{"start":{"line":277,"column":24},"end":{"line":277,"column":64},"skip":true},"62":{"start":{"line":279,"column":24},"end":{"line":279,"column":40},"skip":true},"63":{"start":{"line":281,"column":24},"end":{"line":281,"column":40},"skip":true},"64":{"start":{"line":283,"column":24},"end":{"line":283,"column":39},"skip":true},"65":{"start":{"line":288,"column":8},"end":{"line":290,"column":9},"skip":true},"66":{"start":{"line":289,"column":12},"end":{"line":289,"column":18},"skip":true},"67":{"start":{"line":291,"column":8},"end":{"line":293,"column":54},"skip":true},"68":{"start":{"line":296,"column":8},"end":{"line":301,"column":37},"skip":true},"69":{"start":{"line":303,"column":8},"end":{"line":303,"column":82},"skip":true},"70":{"start":{"line":306,"column":8},"end":{"line":308,"column":9},"skip":true},"71":{"start":{"line":307,"column":12},"end":{"line":307,"column":82},"skip":true},"72":{"start":{"line":310,"column":8},"end":{"line":312,"column":9},"skip":true},"73":{"start":{"line":311,"column":12},"end":{"line":311,"column":18},"skip":true},"74":{"start":{"line":313,"column":8},"end":{"line":313,"column":54},"skip":true},"75":{"start":{"line":314,"column":8},"end":{"line":314,"column":69},"skip":true},"76":{"start":{"line":315,"column":8},"end":{"line":323,"column":36},"skip":true},"77":{"start":{"line":316,"column":12},"end":{"line":316,"column":61},"skip":true},"78":{"start":{"line":317,"column":12},"end":{"line":320,"column":13},"skip":true},"79":{"start":{"line":318,"column":16},"end":{"line":318,"column":75},"skip":true},"80":{"start":{"line":319,"column":16},"end":{"line":319,"column":23},"skip":true},"81":{"start":{"line":321,"column":12},"end":{"line":321,"column":38},"skip":true},"82":{"start":{"line":322,"column":12},"end":{"line":322,"column":27},"skip":true},"83":{"start":{"line":324,"column":8},"end":{"line":324,"column":14},"skip":true}},"branchMap":{"1":{"line":39,"type":"binary-expr","locations":[{"start":{"line":39,"column":23},"end":{"line":39,"column":62}},{"start":{"line":40,"column":20},"end":{"line":40,"column":70}},{"start":{"line":41,"column":20},"end":{"line":41,"column":71}},{"start":{"line":42,"column":20},"end":{"line":42,"column":29}}]},"2":{"line":44,"type":"binary-expr","locations":[{"start":{"line":44,"column":23},"end":{"line":44,"column":37}},{"start":{"line":45,"column":20},"end":{"line":45,"column":61}},{"start":{"line":46,"column":20},"end":{"line":46,"column":70}},{"start":{"line":47,"column":20},"end":{"line":47,"column":26}}]},"3":{"line":51,"type":"cond-expr","locations":[{"start":{"line":52,"column":14},"end":{"line":52,"column":20}},{"start":{"line":53,"column":14},"end":{"line":53,"column":20}}]},"4":{"line":55,"type":"binary-expr","locations":[{"start":{"line":55,"column":16},"end":{"line":55,"column":44}},{"start":{"line":55,"column":49},"end":{"line":57,"column":43}}]},"5":{"line":55,"type":"cond-expr","locations":[{"start":{"line":56,"column":14},"end":{"line":56,"column":60}},{"start":{"line":57,"column":14},"end":{"line":57,"column":43}}]},"6":{"line":61,"type":"switch","locations":[{"start":{"line":68,"column":4},"end":{"line":150,"column":14},"skip":true},{"start":{"line":156,"column":4},"end":{"line":324,"column":14},"skip":true}]},"7":{"line":70,"type":"if","locations":[{"start":{"line":70,"column":12},"end":{"line":70,"column":12},"skip":true},{"start":{"line":70,"column":12},"end":{"line":70,"column":12},"skip":true}]},"8":{"line":70,"type":"binary-expr","locations":[{"start":{"line":70,"column":16},"end":{"line":70,"column":22},"skip":true},{"start":{"line":70,"column":27},"end":{"line":70,"column":32},"skip":true},{"start":{"line":71,"column":20},"end":{"line":71,"column":39},"skip":true},{"start":{"line":72,"column":20},"end":{"line":72,"column":49},"skip":true},{"start":{"line":73,"column":20},"end":{"line":73,"column":58},"skip":true},{"start":{"line":74,"column":20},"end":{"line":74,"column":69},"skip":true}]},"9":{"line":79,"type":"switch","locations":[{"start":{"line":80,"column":20},"end":{"line":80,"column":33},"skip":true},{"start":{"line":81,"column":20},"end":{"line":83,"column":30},"skip":true},{"start":{"line":84,"column":20},"end":{"line":85,"column":49},"skip":true}]},"10":{"line":89,"type":"switch","locations":[{"start":{"line":90,"column":12},"end":{"line":103,"column":22},"skip":true},{"start":{"line":105,"column":12},"end":{"line":106,"column":22},"skip":true}]},"11":{"line":89,"type":"binary-expr","locations":[{"start":{"line":89,"column":20},"end":{"line":89,"column":25},"skip":true},{"start":{"line":89,"column":29},"end":{"line":89,"column":48},"skip":true},{"start":{"line":89,"column":52},"end":{"line":89,"column":74},"skip":true}]},"12":{"line":92,"type":"if","locations":[{"start":{"line":92,"column":16},"end":{"line":92,"column":16},"skip":true},{"start":{"line":92,"column":16},"end":{"line":92,"column":16},"skip":true}]},"13":{"line":108,"type":"if","locations":[{"start":{"line":108,"column":12},"end":{"line":108,"column":12},"skip":true},{"start":{"line":108,"column":12},"end":{"line":108,"column":12},"skip":true}]},"14":{"line":108,"type":"binary-expr","locations":[{"start":{"line":108,"column":16},"end":{"line":108,"column":61},"skip":true},{"start":{"line":108,"column":66},"end":{"line":108,"column":72},"skip":true},{"start":{"line":108,"column":77},"end":{"line":108,"column":82},"skip":true},{"start":{"line":109,"column":20},"end":{"line":109,"column":39},"skip":true},{"start":{"line":110,"column":20},"end":{"line":110,"column":49},"skip":true},{"start":{"line":111,"column":20},"end":{"line":111,"column":58},"skip":true},{"start":{"line":112,"column":20},"end":{"line":112,"column":68},"skip":true}]},"15":{"line":129,"type":"if","locations":[{"start":{"line":129,"column":16},"end":{"line":129,"column":16},"skip":true},{"start":{"line":129,"column":16},"end":{"line":129,"column":16},"skip":true}]},"16":{"line":134,"type":"cond-expr","locations":[{"start":{"line":135,"column":26},"end":{"line":135,"column":29},"skip":true},{"start":{"line":136,"column":26},"end":{"line":136,"column":54},"skip":true}]},"17":{"line":164,"type":"binary-expr","locations":[{"start":{"line":164,"column":27},"end":{"line":164,"column":43},"skip":true},{"start":{"line":164,"column":47},"end":{"line":164,"column":49},"skip":true}]},"18":{"line":258,"type":"if","locations":[{"start":{"line":258,"column":8},"end":{"line":258,"column":8},"skip":true},{"start":{"line":258,"column":8},"end":{"line":258,"column":8},"skip":true}]},"19":{"line":275,"type":"switch","locations":[{"start":{"line":276,"column":20},"end":{"line":277,"column":64},"skip":true},{"start":{"line":278,"column":20},"end":{"line":279,"column":40},"skip":true},{"start":{"line":280,"column":20},"end":{"line":281,"column":40},"skip":true},{"start":{"line":282,"column":20},"end":{"line":283,"column":39},"skip":true}]},"20":{"line":288,"type":"if","locations":[{"start":{"line":288,"column":8},"end":{"line":288,"column":8},"skip":true},{"start":{"line":288,"column":8},"end":{"line":288,"column":8},"skip":true}]},"21":{"line":288,"type":"binary-expr","locations":[{"start":{"line":288,"column":12},"end":{"line":288,"column":40},"skip":true},{"start":{"line":288,"column":44},"end":{"line":288,"column":67},"skip":true}]},"22":{"line":292,"type":"binary-expr","locations":[{"start":{"line":292,"column":12},"end":{"line":292,"column":50},"skip":true},{"start":{"line":293,"column":12},"end":{"line":293,"column":53},"skip":true}]},"23":{"line":297,"type":"binary-expr","locations":[{"start":{"line":297,"column":12},"end":{"line":297,"column":74},"skip":true},{"start":{"line":298,"column":12},"end":{"line":301,"column":36},"skip":true}]},"24":{"line":303,"type":"binary-expr","locations":[{"start":{"line":303,"column":43},"end":{"line":303,"column":75},"skip":true},{"start":{"line":303,"column":79},"end":{"line":303,"column":81},"skip":true}]},"25":{"line":306,"type":"if","locations":[{"start":{"line":306,"column":8},"end":{"line":306,"column":8},"skip":true},{"start":{"line":306,"column":8},"end":{"line":306,"column":8},"skip":true}]},"26":{"line":310,"type":"if","locations":[{"start":{"line":310,"column":8},"end":{"line":310,"column":8},"skip":true},{"start":{"line":310,"column":8},"end":{"line":310,"column":8},"skip":true}]},"27":{"line":313,"type":"binary-expr","locations":[{"start":{"line":313,"column":27},"end":{"line":313,"column":43},"skip":true},{"start":{"line":313,"column":47},"end":{"line":313,"column":53},"skip":true}]},"28":{"line":317,"type":"if","locations":[{"start":{"line":317,"column":12},"end":{"line":317,"column":12},"skip":true},{"start":{"line":317,"column":12},"end":{"line":317,"column":12},"skip":true}]}},"code":["/*","example.js","","quickstart example","","instruction","    1. save this script as example.js","    2. run the shell command:","        $ npm install npmtest-react-datepicker && PORT=8081 node example.js","    3. play with the browser-demo on http://127.0.0.1:8081","*/","","","","/* istanbul instrument in package npmtest_react_datepicker */","/*jslint","    bitwise: true,","    browser: true,","    maxerr: 8,","    maxlen: 96,","    node: true,","    nomen: true,","    regexp: true,","    stupid: true","*/","(function () {","    'use strict';","    var local;","","","","    // run shared js-env code - init-before","    (function () {","        // init local","        local = {};","        // init modeJs","        local.modeJs = (function () {","            try {","                return typeof navigator.userAgent === 'string' &&","                    typeof document.querySelector('body') === 'object' &&","                    typeof XMLHttpRequest.prototype.open === 'function' &&","                    'browser';","            } catch (errorCaughtBrowser) {","                return module.exports &&","                    typeof process.versions.node === 'string' &&","                    typeof require('http').createServer === 'function' &&","                    'node';","            }","        }());","        // init global","        local.global = local.modeJs === 'browser'","            ? window","            : global;","        // init utility2_rollup","        local = local.global.utility2_rollup || (local.modeJs === 'browser'","            ? local.global.utility2_npmtest_react_datepicker","            : global.utility2_moduleExports);","        // export local","        local.global.local = local;","    }());","    switch (local.modeJs) {","","","","    // init-after","    // run browser js-env code - init-after","    /* istanbul ignore next */","    case 'browser':","        local.testRunBrowser = function (event) {","            if (!event || (event &&","                    event.currentTarget &&","                    event.currentTarget.className &&","                    event.currentTarget.className.includes &&","                    event.currentTarget.className.includes('onreset'))) {","                // reset output","                Array.from(","                    document.querySelectorAll('body > .resettable')","                ).forEach(function (element) {","                    switch (element.tagName) {","                    case 'INPUT':","                    case 'TEXTAREA':","                        element.value = '';","                        break;","                    default:","                        element.textContent = '';","                    }","                });","            }","            switch (event && event.currentTarget && event.currentTarget.id) {","            case 'testRunButton1':","                // show tests","                if (document.querySelector('#testReportDiv1').style.display === 'none') {","                    document.querySelector('#testReportDiv1').style.display = 'block';","                    document.querySelector('#testRunButton1').textContent =","                        'hide internal test';","                    local.modeTest = true;","                    local.testRunDefault(local);","                // hide tests","                } else {","                    document.querySelector('#testReportDiv1').style.display = 'none';","                    document.querySelector('#testRunButton1').textContent = 'run internal test';","                }","                break;","            // custom-case","            default:","                break;","            }","            if (document.querySelector('#inputTextareaEval1') && (!event || (event &&","                    event.currentTarget &&","                    event.currentTarget.className &&","                    event.currentTarget.className.includes &&","                    event.currentTarget.className.includes('oneval')))) {","                // try to eval input-code","                try {","                    /*jslint evil: true*/","                    eval(document.querySelector('#inputTextareaEval1').value);","                } catch (errorCaught) {","                    console.error(errorCaught);","                }","            }","        };","        // log stderr and stdout to #outputTextareaStdout1","        ['error', 'log'].forEach(function (key) {","            console[key + '_original'] = console[key];","            console[key] = function () {","                var element;","                console[key + '_original'].apply(console, arguments);","                element = document.querySelector('#outputTextareaStdout1');","                if (!element) {","                    return;","                }","                // append text to #outputTextareaStdout1","                element.value += Array.from(arguments).map(function (arg) {","                    return typeof arg === 'string'","                        ? arg","                        : JSON.stringify(arg, null, 4);","                }).join(' ') + '\\n';","                // scroll textarea to bottom","                element.scrollTop = element.scrollHeight;","            };","        });","        // init event-handling","        ['change', 'click', 'keyup'].forEach(function (event) {","            Array.from(document.querySelectorAll('.on' + event)).forEach(function (element) {","                element.addEventListener(event, local.testRunBrowser);","            });","        });","        // run tests","        local.testRunBrowser();","        break;","","","","    // run node js-env code - init-after","    /* istanbul ignore next */","    case 'node':","        // export local","        module.exports = local;","        // require modules","        local.fs = require('fs');","        local.http = require('http');","        local.url = require('url');","        // init assets","        local.assetsDict = local.assetsDict || {};","        /* jslint-ignore-begin */","        local.assetsDict['/assets.index.template.html'] = '\\","<!doctype html>\\n\\","<html lang=\"en\">\\n\\","<head>\\n\\","<meta charset=\"UTF-8\">\\n\\","<meta name=\"viewport\" content=\"width=device-width, initial-scale=1\">\\n\\","<title>{{env.npm_package_name}} (v{{env.npm_package_version}})</title>\\n\\","<style>\\n\\","/*csslint\\n\\","    box-sizing: false,\\n\\","    universal-selector: false\\n\\","*/\\n\\","* {\\n\\","    box-sizing: border-box;\\n\\","}\\n\\","body {\\n\\","    background: #dde;\\n\\","    font-family: Arial, Helvetica, sans-serif;\\n\\","    margin: 2rem;\\n\\","}\\n\\","body > * {\\n\\","    margin-bottom: 1rem;\\n\\","}\\n\\",".utility2FooterDiv {\\n\\","    margin-top: 20px;\\n\\","    text-align: center;\\n\\","}\\n\\","</style>\\n\\","<style>\\n\\","/*csslint\\n\\","*/\\n\\","textarea {\\n\\","    font-family: monospace;\\n\\","    height: 10rem;\\n\\","    width: 100%;\\n\\","}\\n\\","textarea[readonly] {\\n\\","    background: #ddd;\\n\\","}\\n\\","</style>\\n\\","</head>\\n\\","<body>\\n\\","<!-- utility2-comment\\n\\","<div id=\"ajaxProgressDiv1\" style=\"background: #d00; height: 2px; left: 0; margin: 0; padding: 0; position: fixed; top: 0; transition: background 0.5s, width 1.5s; width: 25%;\"></div>\\n\\","utility2-comment -->\\n\\","<h1>\\n\\","<!-- utility2-comment\\n\\","    <a\\n\\","        {{#if env.npm_package_homepage}}\\n\\","        href=\"{{env.npm_package_homepage}}\"\\n\\","        {{/if env.npm_package_homepage}}\\n\\","        target=\"_blank\"\\n\\","    >\\n\\","utility2-comment -->\\n\\","        {{env.npm_package_name}} (v{{env.npm_package_version}})\\n\\","<!-- utility2-comment\\n\\","    </a>\\n\\","utility2-comment -->\\n\\","</h1>\\n\\","<h3>{{env.npm_package_description}}</h3>\\n\\","<!-- utility2-comment\\n\\","<h4><a download href=\"assets.app.js\">download standalone app</a></h4>\\n\\","<button class=\"onclick onreset\" id=\"testRunButton1\">run internal test</button><br>\\n\\","<div id=\"testReportDiv1\" style=\"display: none;\"></div>\\n\\","utility2-comment -->\\n\\","\\n\\","\\n\\","\\n\\","<label>stderr and stdout</label>\\n\\","<textarea class=\"resettable\" id=\"outputTextareaStdout1\" readonly></textarea>\\n\\","<!-- utility2-comment\\n\\","{{#if isRollup}}\\n\\","<script src=\"assets.app.js\"></script>\\n\\","{{#unless isRollup}}\\n\\","utility2-comment -->\\n\\","<script src=\"assets.utility2.rollup.js\"></script>\\n\\","<script src=\"jsonp.utility2._stateInit?callback=window.utility2._stateInit\"></script>\\n\\","<script src=\"assets.npmtest_react_datepicker.rollup.js\"></script>\\n\\","<script src=\"assets.example.js\"></script>\\n\\","<script src=\"assets.test.js\"></script>\\n\\","<!-- utility2-comment\\n\\","{{/if isRollup}}\\n\\","utility2-comment -->\\n\\","<div class=\"utility2FooterDiv\">\\n\\","    [ this app was created with\\n\\","    <a href=\"https://github.com/kaizhu256/node-utility2\" target=\"_blank\">utility2</a>\\n\\","    ]\\n\\","</div>\\n\\","</body>\\n\\","</html>\\n\\","';","        /* jslint-ignore-end */","        if (local.templateRender) {","            local.assetsDict['/'] = local.templateRender(","                local.assetsDict['/assets.index.template.html'],","                {","                    env: local.objectSetDefault(local.env, {","                        npm_package_description: 'the greatest app in the world!',","                        npm_package_name: 'my-app',","                        npm_package_nameAlias: 'my_app',","                        npm_package_version: '0.0.1'","                    })","                }","            );","        } else {","            local.assetsDict['/'] = local.assetsDict['/assets.index.template.html']","                .replace((/\\{\\{env\\.(\\w+?)\\}\\}/g), function (match0, match1) {","                    // jslint-hack","                    String(match0);","                    switch (match1) {","                    case 'npm_package_description':","                        return 'the greatest app in the world!';","                    case 'npm_package_name':","                        return 'my-app';","                    case 'npm_package_nameAlias':","                        return 'my_app';","                    case 'npm_package_version':","                        return '0.0.1';","                    }","                });","        }","        // run the cli","        if (local.global.utility2_rollup || module !== require.main) {","            break;","        }","        local.assetsDict['/assets.example.js'] =","            local.assetsDict['/assets.example.js'] ||","            local.fs.readFileSync(__filename, 'utf8');","        // bug-workaround - long $npm_package_buildCustomOrg","        /* jslint-ignore-begin */","        local.assetsDict['/assets.npmtest_react_datepicker.rollup.js'] =","            local.assetsDict['/assets.npmtest_react_datepicker.rollup.js'] ||","            local.fs.readFileSync(","                local.npmtest_react_datepicker.__dirname + '/lib.npmtest_react_datepicker.js',","                'utf8'","            ).replace((/^#!/), '//');","        /* jslint-ignore-end */","        local.assetsDict['/favicon.ico'] = local.assetsDict['/favicon.ico'] || '';","        // if $npm_config_timeout_exit exists,","        // then exit this process after $npm_config_timeout_exit ms","        if (Number(process.env.npm_config_timeout_exit)) {","            setTimeout(process.exit, Number(process.env.npm_config_timeout_exit));","        }","        // start server","        if (local.global.utility2_serverHttp1) {","            break;","        }","        process.env.PORT = process.env.PORT || '8081';","        console.error('server starting on port ' + process.env.PORT);","        local.http.createServer(function (request, response) {","            request.urlParsed = local.url.parse(request.url);","            if (local.assetsDict[request.urlParsed.pathname] !== undefined) {","                response.end(local.assetsDict[request.urlParsed.pathname]);","                return;","            }","            response.statusCode = 404;","            response.end();","        }).listen(process.env.PORT);","        break;","    }","}());",""],"l":{"26":2,"28":2,"33":2,"35":2,"37":2,"38":2,"39":2,"44":1,"51":2,"55":2,"59":2,"61":2,"69":1,"70":2,"76":2,"79":2,"82":2,"83":2,"85":1,"89":2,"92":1,"93":1,"94":1,"96":1,"97":1,"100":1,"101":1,"103":1,"106":1,"108":2,"114":1,"116":1,"118":1,"123":1,"124":2,"125":2,"126":3,"127":3,"128":3,"129":3,"130":1,"133":3,"134":3,"139":3,"143":1,"144":3,"145":1,"149":1,"150":1,"158":1,"160":1,"161":1,"162":1,"164":1,"166":1,"258":1,"259":1,"271":1,"274":6,"275":6,"277":1,"279":2,"281":1,"283":2,"288":1,"289":1,"291":1,"296":1,"303":1,"306":1,"307":1,"310":1,"311":1,"313":1,"314":1,"315":1,"316":1,"317":1,"318":1,"319":1,"321":1,"322":1,"324":1}},"/home/travis/build/npmtest/node-npmtest-react-datepicker/node_modules/react-datepicker/dist/react-datepicker.min.js":{"path":"/home/travis/build/npmtest/node-npmtest-react-datepicker/node_modules/react-datepicker/dist/react-datepicker.min.js","s":{"1":1,"2":1,"3":1,"4":1,"5":54,"6":32,"7":22,"8":22,"9":1,"10":1,"11":1,"12":7,"13":1,"14":0,"15":1,"16":0,"17":0,"18":1,"19":0,"20":0,"21":0,"22":1,"23":1,"24":0,"25":1,"26":1,"27":1,"28":1,"29":2,"30":3,"31":3,"32":1,"33":2,"34":1,"35":0,"36":0,"37":0,"38":0,"39":0,"40":0,"41":0,"42":0,"43":0,"44":0,"45":0,"46":0,"47":0,"48":0,"49":0,"50":0,"51":0,"52":0,"53":0,"54":0,"55":0,"56":0,"57":0,"58":0,"59":0,"60":0,"61":0,"62":0,"63":0,"64":0,"65":0,"66":0,"67":0,"68":0,"69":0,"70":0,"71":0,"72":0,"73":0,"74":0,"75":0,"76":0,"77":0,"78":0,"79":0,"80":0,"81":0,"82":0,"83":0,"84":0,"85":0,"86":0,"87":0,"88":0,"89":1,"90":0,"91":0,"92":0,"93":0,"94":1,"95":1,"96":7,"97":1,"98":0,"99":0,"100":1,"101":0,"102":0,"103":0,"104":1,"105":1,"106":0,"107":1,"108":1,"109":1,"110":1,"111":2,"112":3,"113":3,"114":1,"115":2,"116":0,"117":0,"118":0,"119":1,"120":0,"121":0,"122":0,"123":0,"124":0,"125":0,"126":0,"127":0,"128":0,"129":0,"130":0,"131":0,"132":0,"133":0,"134":0,"135":0,"136":0,"137":0,"138":0,"139":0,"140":0,"141":0,"142":0,"143":0,"144":0,"145":0,"146":0,"147":0,"148":0,"149":0,"150":0,"151":0,"152":0,"153":0,"154":0,"155":0,"156":0,"157":0,"158":0,"159":0,"160":0,"161":0,"162":1,"163":0,"164":0,"165":0,"166":1,"167":1,"168":1,"169":4,"170":1,"171":0,"172":0,"173":1,"174":0,"175":0,"176":0,"177":1,"178":1,"179":0,"180":1,"181":1,"182":1,"183":1,"184":1,"185":1,"186":1,"187":1,"188":1,"189":1,"190":0,"191":0,"192":0,"193":0,"194":0,"195":0,"196":0,"197":0,"198":0,"199":0,"200":0,"201":0,"202":0,"203":0,"204":0,"205":0,"206":1,"207":0,"208":0,"209":0,"210":0,"211":0,"212":0,"213":1,"214":1,"215":1,"216":1,"217":1,"218":1,"219":0,"220":1,"221":0,"222":1,"223":1,"224":1,"225":1,"226":3,"227":0,"228":1,"229":1,"230":0,"231":0,"232":1,"233":0,"234":0,"235":0,"236":0,"237":0,"238":0,"239":0,"240":0,"241":1,"242":1,"243":1,"244":3,"245":1,"246":0,"247":0,"248":1,"249":0,"250":0,"251":0,"252":1,"253":1,"254":0,"255":1,"256":1,"257":0,"258":0,"259":0,"260":1,"261":1,"262":1,"263":1,"264":1,"265":1,"266":1,"267":1,"268":1,"269":0,"270":0,"271":0,"272":0,"273":0,"274":0,"275":0,"276":0,"277":0,"278":0,"279":0,"280":0,"281":0,"282":1,"283":0,"284":0,"285":1,"286":1,"287":1,"288":1,"289":0,"290":0,"291":0,"292":0,"293":0,"294":0,"295":0,"296":0,"297":0,"298":0,"299":0,"300":0,"301":1,"302":1,"303":0,"304":1,"305":1,"306":5,"307":1,"308":0,"309":0,"310":1,"311":0,"312":0,"313":0,"314":1,"315":1,"316":0,"317":1,"318":1,"319":1,"320":1,"321":1,"322":1,"323":1,"324":1,"325":1,"326":1,"327":0,"328":0,"329":0,"330":0,"331":0,"332":0,"333":0,"334":0,"335":0,"336":0,"337":0,"338":0,"339":0,"340":0,"341":0,"342":1,"343":0,"344":0,"345":0,"346":0,"347":0,"348":0,"349":0,"350":1,"351":1,"352":2,"353":1,"354":0,"355":0,"356":1,"357":0,"358":0,"359":0,"360":1,"361":1,"362":0,"363":1,"364":1,"365":1,"366":1,"367":1,"368":1,"369":1,"370":1,"371":1,"372":1,"373":0,"374":0,"375":0,"376":0,"377":0,"378":0,"379":0,"380":0,"381":0,"382":1,"383":0,"384":1,"385":1,"386":4,"387":1,"388":0,"389":0,"390":1,"391":0,"392":0,"393":0,"394":1,"395":1,"396":0,"397":1,"398":1,"399":1,"400":1,"401":1,"402":1,"403":1,"404":1,"405":1,"406":1,"407":0,"408":0,"409":0,"410":0,"411":0,"412":0,"413":0,"414":0,"415":0,"416":0,"417":0,"418":0,"419":0,"420":0,"421":0,"422":0,"423":0,"424":0,"425":0,"426":0,"427":0,"428":0,"429":1,"430":0,"431":1,"432":1,"433":4,"434":1,"435":0,"436":0,"437":1,"438":0,"439":0,"440":0,"441":1,"442":1,"443":0,"444":1,"445":1,"446":1,"447":1,"448":1,"449":1,"450":1,"451":1,"452":1,"453":1,"454":0,"455":0,"456":0,"457":0,"458":0,"459":0,"460":0,"461":0,"462":0,"463":0,"464":0,"465":1,"466":0,"467":1,"468":1,"469":4,"470":1,"471":0,"472":0,"473":1,"474":0,"475":0,"476":0,"477":1,"478":1,"479":0,"480":1,"481":1,"482":1,"483":1,"484":1,"485":1,"486":1,"487":1,"488":1,"489":1,"490":0,"491":0,"492":0,"493":0,"494":0,"495":0,"496":0,"497":0,"498":0,"499":0,"500":0,"501":0,"502":0,"503":0,"504":0,"505":0,"506":0,"507":0,"508":0,"509":0,"510":0,"511":0,"512":0,"513":0,"514":0,"515":0,"516":0,"517":0,"518":0,"519":0,"520":0,"521":0,"522":0,"523":1,"524":0,"525":1,"526":1,"527":1,"528":1,"529":0,"530":1,"531":0,"532":1,"533":0,"534":0,"535":1,"536":0,"537":0,"538":0,"539":0,"540":1,"541":0,"542":0,"543":0,"544":1,"545":0,"546":0,"547":0,"548":1,"549":0,"550":0,"551":0,"552":1,"553":0,"554":0,"555":0,"556":1,"557":0,"558":0,"559":1,"560":0,"561":0,"562":1,"563":1,"564":1,"565":2,"566":1,"567":0,"568":0,"569":1,"570":0,"571":0,"572":0,"573":1,"574":1,"575":0,"576":1,"577":1,"578":1,"579":1,"580":1,"581":1,"582":1,"583":1,"584":1,"585":1,"586":0,"587":1,"588":0,"589":1,"590":1,"591":4,"592":1,"593":0,"594":0,"595":0,"596":0,"597":1,"598":0,"599":0,"600":1,"601":0,"602":0,"603":0,"604":1,"605":1,"606":0,"607":1,"608":1,"609":1,"610":0,"611":0,"612":0,"613":0,"614":0,"615":1,"616":1,"617":4,"618":4,"619":1,"620":1,"621":1,"622":0,"623":0,"624":0,"625":0,"626":0,"627":0,"628":0,"629":0,"630":0,"631":0,"632":0,"633":0,"634":0,"635":0,"636":0,"637":0,"638":0,"639":0,"640":0,"641":0,"642":1,"643":0,"644":0,"645":0,"646":0,"647":0,"648":0,"649":0,"650":1,"651":1,"652":1,"653":1,"654":1,"655":1,"656":0,"657":0,"658":1,"659":0,"660":0,"661":0,"662":0,"663":0,"664":0,"665":0,"666":0,"667":0,"668":1,"669":0,"670":0,"671":0,"672":0,"673":0,"674":0,"675":0,"676":0,"677":0,"678":0,"679":0,"680":0,"681":1,"682":0,"683":1,"684":0,"685":0,"686":0,"687":0,"688":1,"689":0,"690":1,"691":0,"692":0,"693":0,"694":0,"695":0,"696":0,"697":0,"698":0,"699":0,"700":0,"701":0,"702":0,"703":1,"704":1,"705":1,"706":1,"707":1,"708":3,"709":1,"710":0,"711":0,"712":0,"713":0,"714":0,"715":1,"716":0,"717":0,"718":0,"719":0,"720":0,"721":0,"722":1,"723":0,"724":0,"725":0,"726":0,"727":1,"728":0,"729":1,"730":0,"731":1,"732":0,"733":0,"734":0,"735":1,"736":0,"737":0,"738":1,"739":1,"740":0,"741":1,"742":1,"743":0,"744":0,"745":1,"746":0,"747":1,"748":0,"749":0,"750":0,"751":0,"752":0,"753":1,"754":0,"755":1,"756":0,"757":0,"758":0,"759":0,"760":0,"761":0,"762":0,"763":1,"764":1,"765":1,"766":4,"767":4,"768":1,"769":1,"770":1,"771":1,"772":1,"773":1,"774":0,"775":0,"776":0,"777":0,"778":0,"779":0,"780":0,"781":0,"782":0,"783":1,"784":0,"785":1,"786":0,"787":0,"788":0,"789":0,"790":0,"791":0,"792":0,"793":0,"794":0,"795":0,"796":0,"797":0,"798":0,"799":0,"800":1,"801":1,"802":1,"803":0,"804":0,"805":0,"806":0,"807":0,"808":0,"809":0,"810":0,"811":0,"812":1,"813":0,"814":0,"815":0,"816":0,"817":0,"818":1,"819":1,"820":11,"821":11,"822":1,"823":1,"824":0,"825":0,"826":0,"827":0,"828":0,"829":0,"830":0,"831":0,"832":0,"833":0,"834":0,"835":0,"836":0,"837":0,"838":0,"839":1,"840":0,"841":1,"842":1,"843":1,"844":0,"845":0,"846":0,"847":0,"848":0,"849":0,"850":1,"851":1,"852":0,"853":1,"854":0,"855":1,"856":0,"857":0,"858":0,"859":0,"860":0,"861":0,"862":1,"863":0,"864":0,"865":0,"866":1,"867":0,"868":0,"869":0,"870":0,"871":0,"872":0,"873":0,"874":0,"875":0,"876":0,"877":0,"878":0,"879":0,"880":0,"881":0,"882":0,"883":0,"884":0,"885":0,"886":0,"887":0,"888":0,"889":0,"890":0,"891":0,"892":0,"893":0,"894":0,"895":0,"896":0,"897":0,"898":0,"899":0,"900":0,"901":0,"902":0,"903":0,"904":0,"905":0,"906":0,"907":0,"908":0,"909":0,"910":0,"911":0,"912":0,"913":0,"914":0,"915":0,"916":0,"917":0,"918":0,"919":0,"920":0,"921":0,"922":0,"923":0,"924":0,"925":0,"926":0,"927":0,"928":0,"929":0,"930":0,"931":0,"932":0,"933":0,"934":0,"935":0,"936":0,"937":0,"938":0,"939":0,"940":0,"941":0,"942":0,"943":0,"944":0,"945":0,"946":0,"947":0,"948":0,"949":0,"950":0,"951":0,"952":0,"953":0,"954":0,"955":0,"956":0,"957":0,"958":0,"959":0,"960":0,"961":0,"962":0,"963":0,"964":0,"965":0,"966":0,"967":0,"968":0,"969":0,"970":0,"971":0,"972":0,"973":0,"974":0,"975":0,"976":0,"977":0,"978":0,"979":0,"980":0,"981":0,"982":0,"983":0,"984":1,"985":1,"986":1,"987":0,"988":0,"989":0,"990":0,"991":0,"992":0,"993":0,"994":0,"995":0,"996":1,"997":0,"998":0,"999":0,"1000":0,"1001":0,"1002":1,"1003":0,"1004":0,"1005":0,"1006":0,"1007":0,"1008":0,"1009":0,"1010":0,"1011":0,"1012":0,"1013":0,"1014":0,"1015":0,"1016":0,"1017":0,"1018":0,"1019":0,"1020":0,"1021":0,"1022":0,"1023":0,"1024":0,"1025":0,"1026":0,"1027":0,"1028":0,"1029":0,"1030":0,"1031":0,"1032":0,"1033":0,"1034":0,"1035":0,"1036":0,"1037":0,"1038":0,"1039":1,"1040":1,"1041":0,"1042":0,"1043":0,"1044":0,"1045":0,"1046":0,"1047":0,"1048":0,"1049":0,"1050":0,"1051":0,"1052":0,"1053":1,"1054":1,"1055":0,"1056":0,"1057":0,"1058":0,"1059":0,"1060":0,"1061":0,"1062":0,"1063":0,"1064":1,"1065":0,"1066":0,"1067":0,"1068":0,"1069":0,"1070":1,"1071":0,"1072":0,"1073":0,"1074":0,"1075":0,"1076":0,"1077":0,"1078":0,"1079":0,"1080":0,"1081":0},"b":{"1":[1,0],"2":[1,1],"3":[0,0],"4":[0,0],"5":[0,0],"6":[32,22],"7":[2,5],"8":[7,7],"9":[0,0],"10":[0,0],"11":[0,0],"12":[0,0],"13":[0,0,0],"14":[0,1],"15":[1,0],"16":[1,1],"17":[1,1],"18":[1,0],"19":[3,3],"20":[3,2],"21":[2,1],"22":[2,1],"23":[0,0],"24":[0,0],"25":[0,0],"26":[0,0],"27":[0,0],"28":[0,0],"29":[0,0],"30":[0,0],"31":[0,0],"32":[0,0],"33":[0,0],"34":[0,0],"35":[0,0],"36":[0,0],"37":[0,0],"38":[0,0],"39":[0,0],"40":[0,0],"41":[0,0],"42":[0,0,0],"43":[0,0,0],"44":[0,0],"45":[0,0],"46":[0,0],"47":[0,0],"48":[0,0],"49":[0,0,0],"50":[0,0],"51":[0,0],"52":[0,0],"53":[0,0],"54":[0,0],"55":[0,0],"56":[0,0],"57":[0,0],"58":[0,0],"59":[0,0,0,0,0,0,0,0],"60":[0,0],"61":[0,0,0],"62":[0,0],"63":[0,0],"64":[0,0],"65":[0,0],"66":[0,0],"67":[0,0],"68":[0,0],"69":[0,0],"70":[0,0],"71":[0,0],"72":[0,0],"73":[3,4],"74":[7,7],"75":[0,0],"76":[0,0],"77":[0,0],"78":[0,0,0],"79":[0,1],"80":[1,0],"81":[1,1],"82":[1,1],"83":[1,0],"84":[3,3],"85":[3,2],"86":[2,1],"87":[2,1],"88":[0,0],"89":[0,0],"90":[0,0],"91":[0,0],"92":[0,0],"93":[0,0],"94":[0,0],"95":[0,0],"96":[0,0,0,0],"97":[0,0],"98":[0,0,0],"99":[0,0],"100":[0,0],"101":[0,0],"102":[0,0,0],"103":[0,0],"104":[0,0],"105":[0,0],"106":[0,0],"107":[0,0],"108":[0,0],"109":[0,0],"110":[0,0],"111":[0,0],"112":[0,0],"113":[0,0],"114":[0,0],"115":[0,0],"116":[0,0],"117":[0,0],"118":[0,0],"119":[0,0,0],"120":[0,0],"121":[0,0],"122":[0,0,0],"123":[0,0],"124":[0,0],"125":[0,0],"126":[0,0],"127":[0,0,0],"128":[1,3],"129":[4,4],"130":[0,0],"131":[0,0],"132":[0,0],"133":[0,0,0],"134":[0,1],"135":[1,0],"136":[1,1],"137":[1,1],"138":[1,0],"139":[1,1],"140":[1,1],"141":[1,1],"142":[1,0],"143":[0,0],"144":[0,0],"145":[0,0],"146":[0,0],"147":[0,0],"148":[0,0],"149":[0,0],"150":[0,3],"151":[3,3],"152":[0,0],"153":[0,0],"154":[0,0],"155":[0,0,0],"156":[0,1],"157":[1,0],"158":[1,1],"159":[1,1],"160":[1,0],"161":[1,1],"162":[1,1],"163":[1,1],"164":[1,0],"165":[0,0],"166":[0,0],"167":[0,0],"168":[0,0],"169":[0,0],"170":[0,0],"171":[0,0],"172":[0,0],"173":[0,0,0],"174":[1,0],"175":[1,1],"176":[0,0],"177":[1,4],"178":[5,5],"179":[0,0],"180":[0,0],"181":[0,0],"182":[0,0,0],"183":[0,1],"184":[1,0],"185":[1,1],"186":[1,1],"187":[1,0],"188":[1,1],"189":[1,1],"190":[1,1],"191":[1,0],"192":[0,0],"193":[0,0],"194":[0,0],"195":[0,0],"196":[0,0],"197":[0,2],"198":[2,2],"199":[0,0],"200":[0,0],"201":[0,0],"202":[0,0,0],"203":[0,1],"204":[1,0],"205":[1,1],"206":[1,1],"207":[1,0],"208":[1,1],"209":[1,1],"210":[1,1],"211":[1,0],"212":[0,0],"213":[0,0],"214":[1,3],"215":[4,4],"216":[0,0],"217":[0,0],"218":[0,0],"219":[0,0,0],"220":[0,1],"221":[1,0],"222":[1,1],"223":[1,1],"224":[1,0],"225":[1,1],"226":[1,1],"227":[1,1],"228":[1,0],"229":[0,0],"230":[0,0],"231":[0,0],"232":[0,0],"233":[0,0],"234":[0,0],"235":[0,0],"236":[0,0],"237":[0,0],"238":[0,0],"239":[0,0],"240":[0,0,0],"241":[2,2],"242":[4,4],"243":[0,0],"244":[0,0],"245":[0,0],"246":[0,0,0],"247":[0,1],"248":[1,0],"249":[1,1],"250":[1,1],"251":[1,0],"252":[1,1],"253":[1,1],"254":[1,1],"255":[1,0],"256":[0,0],"257":[0,0],"258":[0,0],"259":[0,0],"260":[0,4],"261":[4,4],"262":[0,0],"263":[0,0],"264":[0,0],"265":[0,0,0],"266":[0,1],"267":[1,0],"268":[1,1],"269":[1,1],"270":[1,0],"271":[1,1],"272":[1,1],"273":[1,1],"274":[1,0],"275":[0,0],"276":[0,0,0],"277":[0,0,0],"278":[0,0,0],"279":[0,0],"280":[0,0],"281":[0,0],"282":[0,0],"283":[0,0,0,0],"284":[0,0],"285":[0,0,0],"286":[0,0],"287":[0,0,0],"288":[0,0],"289":[0,0],"290":[0,0],"291":[0,0],"292":[0,0],"293":[0,0],"294":[0,0],"295":[0,0],"296":[0,0],"297":[0,0],"298":[0,1],"299":[1,1],"300":[0,0],"301":[0,0],"302":[0,0],"303":[0,0],"304":[0,0],"305":[0,0],"306":[0,0],"307":[0,0],"308":[0,0,0,0,0,0,0,0,0,0,0],"309":[0,0],"310":[0,0],"311":[0,0,0,0,0],"312":[0,0],"313":[0,0],"314":[0,0,0,0,0],"315":[0,0],"316":[0,0],"317":[0,0],"318":[0,0],"319":[0,0],"320":[0,0],"321":[0,0],"322":[0,0],"323":[0,0,0],"324":[0,0],"325":[0,0],"326":[0,2],"327":[2,2],"328":[0,0],"329":[0,0],"330":[0,0],"331":[0,0,0],"332":[0,1],"333":[1,0],"334":[1,1],"335":[1,1],"336":[1,0],"337":[1,1],"338":[1,1],"339":[1,1],"340":[1,0],"341":[0,0],"342":[0,4],"343":[4,4],"344":[0,0,0],"345":[0,0],"346":[0,0],"347":[0,0],"348":[0,0,0],"349":[0,1],"350":[1,0],"351":[1,1],"352":[1,1],"353":[1,0],"354":[1,0],"355":[0,0],"356":[4,4],"357":[4,4],"358":[1,1],"359":[1,0],"360":[0,0],"361":[0,0],"362":[0,0],"363":[0,0],"364":[0,0],"365":[0,0],"366":[0,0],"367":[0,0],"368":[0,0],"369":[1,0],"370":[1,1],"371":[0,0],"372":[0,0],"373":[0,0],"374":[0,0],"375":[0,0],"376":[0,0,0],"377":[0,0],"378":[0,0],"379":[0,0,0,0],"380":[0,0],"381":[0,0],"382":[0,0],"383":[0,0],"384":[0,0],"385":[0,0],"386":[0,0],"387":[0,0],"388":[0,1],"389":[1,1],"390":[1,0],"391":[3,3],"392":[0,0],"393":[0,0],"394":[0,0],"395":[0,0],"396":[0,0],"397":[0,0],"398":[0,0,0],"399":[0,0],"400":[0,0],"401":[0,1],"402":[1,0],"403":[1,1],"404":[1,1],"405":[1,0],"406":[0,0],"407":[0,0],"408":[0,0],"409":[0,0],"410":[0,0],"411":[0,0],"412":[0,0],"413":[0,0,0],"414":[0,0,0],"415":[0,0],"416":[0,0],"417":[0,0],"418":[0,0],"419":[0,0],"420":[0,0],"421":[0,0],"422":[4,4],"423":[4,4],"424":[1,1],"425":[1,0],"426":[1,1],"427":[0,0,0],"428":[0,0],"429":[0,0],"430":[0,0],"431":[0,0],"432":[0,0],"433":[0,0],"434":[0,0],"435":[0,0],"436":[0,0],"437":[0,0],"438":[0,0],"439":[0,0],"440":[0,0],"441":[0,0],"442":[0,0],"443":[0,0,0],"444":[0,0],"445":[0,0],"446":[0,0],"447":[11,11],"448":[11,11],"449":[1,1],"450":[1,0],"451":[0,0],"452":[0,0],"453":[0,0],"454":[0,0],"455":[0,0],"456":[0,1],"457":[1,0],"458":[0,0],"459":[0,0],"460":[0,0],"461":[0,0,0],"462":[0,0],"463":[1,0,0],"464":[0,0],"465":[0,0],"466":[0,0],"467":[0,0],"468":[0,0],"469":[0,0],"470":[0,0],"471":[0,0],"472":[0,0],"473":[0,0],"474":[0,0,0],"475":[0,0],"476":[0,0],"477":[0,0],"478":[0,0],"479":[0,0],"480":[0,0],"481":[0,0],"482":[0,0],"483":[0,0],"484":[0,0],"485":[0,0],"486":[0,0],"487":[0,0],"488":[0,0],"489":[0,0],"490":[0,0],"491":[0,0],"492":[0,0,0],"493":[0,0],"494":[0,0,0],"495":[0,0],"496":[0,0],"497":[0,0],"498":[0,0],"499":[0,0,0],"500":[0,0],"501":[0,0],"502":[0,0],"503":[0,0],"504":[0,0],"505":[0,0],"506":[0,0],"507":[0,0],"508":[0,0,0],"509":[0,0],"510":[0,0],"511":[0,0],"512":[0,0],"513":[0,0],"514":[0,0],"515":[0,0],"516":[0,0,0],"517":[0,0],"518":[0,0],"519":[0,0,0],"520":[0,0],"521":[0,0,0],"522":[0,0],"523":[0,0],"524":[0,0,0],"525":[0,0,0,0],"526":[0,0],"527":[0,0,0,0],"528":[0,0],"529":[0,0],"530":[0,0],"531":[0,0],"532":[0,0],"533":[0,0],"534":[0,0],"535":[0,0],"536":[0,0],"537":[0,0],"538":[0,0],"539":[0,0],"540":[0,0],"541":[0,0],"542":[0,0],"543":[0,0],"544":[0,0],"545":[0,0],"546":[0,0,0,0],"547":[0,0],"548":[0,0,0,0],"549":[0,0],"550":[0,0,0],"551":[0,0],"552":[0,0],"553":[0,0,0],"554":[0,0],"555":[0,0],"556":[0,0],"557":[0,0],"558":[0,0],"559":[0,0],"560":[0,0,0],"561":[0,0],"562":[0,0],"563":[0,0],"564":[0,0],"565":[0,0],"566":[0,0,0],"567":[0,0],"568":[0,0],"569":[0,0],"570":[0,0],"571":[0,0,0],"572":[0,0,0],"573":[0,0,0],"574":[0,0],"575":[0,0],"576":[0,0],"577":[0,0],"578":[0,0,0,0],"579":[0,0],"580":[0,0],"581":[0,0],"582":[0,0,0,0],"583":[0,0],"584":[0,0],"585":[0,0],"586":[0,0,0],"587":[0,0,0],"588":[0,0,0],"589":[0,0,0],"590":[0,0],"591":[0,0],"592":[0,0],"593":[0,0],"594":[0,0],"595":[0,0],"596":[0,0],"597":[0,0],"598":[0,0],"599":[0,0],"600":[0,0],"601":[0,0],"602":[0,0,0],"603":[0,0,0],"604":[0,0,0],"605":[0,0,0],"606":[0,0,0],"607":[0,0],"608":[0,0],"609":[0,0],"610":[0,0],"611":[0,0],"612":[0,0],"613":[0,0],"614":[0,0],"615":[0,0],"616":[0,0],"617":[0,0],"618":[0,0],"619":[0,0],"620":[0,0],"621":[0,0],"622":[0,0],"623":[0,0],"624":[0,0],"625":[0,0],"626":[0,0],"627":[0,0],"628":[0,0,0],"629":[0,0,0],"630":[0,0,0,0,0],"631":[0,0],"632":[0,0,0],"633":[0,0,0],"634":[0,0,0],"635":[0,0,0],"636":[0,0],"637":[0,0],"638":[0,0],"639":[0,0],"640":[0,0,0],"641":[0,0],"642":[0,0],"643":[0,0],"644":[0,0],"645":[0,0],"646":[0,0],"647":[0,0]},"f":{"1":1,"2":1,"3":1,"4":54,"5":1,"6":7,"7":0,"8":0,"9":0,"10":1,"11":1,"12":2,"13":2,"14":1,"15":0,"16":0,"17":0,"18":0,"19":0,"20":0,"21":0,"22":0,"23":0,"24":0,"25":0,"26":0,"27":0,"28":0,"29":0,"30":0,"31":0,"32":0,"33":0,"34":0,"35":0,"36":0,"37":0,"38":0,"39":0,"40":0,"41":0,"42":0,"43":0,"44":0,"45":0,"46":0,"47":0,"48":1,"49":7,"50":0,"51":0,"52":1,"53":1,"54":2,"55":2,"56":0,"57":0,"58":1,"59":0,"60":0,"61":0,"62":0,"63":0,"64":0,"65":0,"66":0,"67":0,"68":0,"69":0,"70":0,"71":0,"72":0,"73":0,"74":0,"75":0,"76":0,"77":0,"78":0,"79":0,"80":0,"81":0,"82":0,"83":0,"84":0,"85":0,"86":0,"87":0,"88":0,"89":1,"90":1,"91":4,"92":0,"93":0,"94":1,"95":1,"96":1,"97":1,"98":1,"99":0,"100":0,"101":0,"102":0,"103":0,"104":0,"105":0,"106":0,"107":0,"108":0,"109":1,"110":1,"111":1,"112":1,"113":0,"114":0,"115":1,"116":3,"117":0,"118":0,"119":0,"120":0,"121":1,"122":0,"123":0,"124":0,"125":1,"126":3,"127":0,"128":0,"129":1,"130":0,"131":1,"132":1,"133":1,"134":1,"135":0,"136":0,"137":0,"138":0,"139":0,"140":0,"141":0,"142":0,"143":0,"144":0,"145":1,"146":1,"147":0,"148":0,"149":1,"150":1,"151":5,"152":0,"153":0,"154":1,"155":1,"156":1,"157":1,"158":1,"159":0,"160":0,"161":0,"162":0,"163":0,"164":0,"165":0,"166":0,"167":0,"168":0,"169":0,"170":0,"171":1,"172":2,"173":0,"174":0,"175":1,"176":1,"177":1,"178":1,"179":1,"180":0,"181":0,"182":0,"183":0,"184":0,"185":0,"186":1,"187":4,"188":0,"189":0,"190":1,"191":1,"192":1,"193":1,"194":1,"195":0,"196":0,"197":0,"198":0,"199":0,"200":0,"201":0,"202":0,"203":1,"204":4,"205":0,"206":0,"207":1,"208":1,"209":1,"210":1,"211":1,"212":0,"213":0,"214":0,"215":0,"216":0,"217":0,"218":1,"219":4,"220":0,"221":0,"222":1,"223":1,"224":1,"225":1,"226":1,"227":0,"228":0,"229":0,"230":0,"231":0,"232":0,"233":0,"234":0,"235":0,"236":0,"237":0,"238":0,"239":0,"240":0,"241":0,"242":0,"243":0,"244":0,"245":1,"246":1,"247":0,"248":0,"249":0,"250":0,"251":0,"252":0,"253":0,"254":0,"255":0,"256":0,"257":0,"258":0,"259":0,"260":0,"261":0,"262":0,"263":1,"264":2,"265":0,"266":0,"267":1,"268":1,"269":1,"270":1,"271":1,"272":0,"273":0,"274":1,"275":4,"276":0,"277":0,"278":0,"279":1,"280":0,"281":1,"282":1,"283":1,"284":1,"285":0,"286":0,"287":0,"288":0,"289":0,"290":0,"291":0,"292":0,"293":0,"294":0,"295":0,"296":0,"297":0,"298":1,"299":1,"300":1,"301":1,"302":0,"303":0,"304":0,"305":0,"306":0,"307":0,"308":0,"309":1,"310":1,"311":0,"312":0,"313":0,"314":0,"315":0,"316":0,"317":0,"318":0,"319":0,"320":0,"321":0,"322":1,"323":0,"324":0,"325":0,"326":0,"327":0,"328":0,"329":0,"330":0,"331":1,"332":1,"333":1,"334":1,"335":0,"336":0,"337":0,"338":0,"339":0,"340":1,"341":0,"342":0,"343":0,"344":0,"345":0,"346":1,"347":0,"348":0,"349":1,"350":1,"351":1,"352":0,"353":1,"354":0,"355":0,"356":1,"357":0,"358":0,"359":0,"360":0,"361":0,"362":1,"363":0,"364":0,"365":0,"366":0,"367":0,"368":0,"369":0,"370":0,"371":0,"372":0,"373":0,"374":0,"375":0,"376":0,"377":0,"378":0,"379":0,"380":0,"381":0,"382":0,"383":0,"384":0,"385":0,"386":0,"387":0,"388":0,"389":0,"390":0,"391":0,"392":0,"393":1,"394":0,"395":0,"396":0,"397":0,"398":0,"399":0,"400":0,"401":0,"402":0,"403":0,"404":0,"405":0,"406":0,"407":0,"408":0,"409":0,"410":0,"411":0,"412":0,"413":0,"414":0,"415":0,"416":1,"417":0,"418":0,"419":0},"fnMap":{"1":{"name":"(anonymous_1)","line":1,"loc":{"start":{"line":1,"column":1},"end":{"line":1,"column":14}}},"2":{"name":"(anonymous_2)","line":1,"loc":{"start":{"line":1,"column":475},"end":{"line":1,"column":492}}},"3":{"name":"(anonymous_3)","line":1,"loc":{"start":{"line":1,"column":500},"end":{"line":1,"column":511}}},"4":{"name":"t","line":1,"loc":{"start":{"line":1,"column":512},"end":{"line":1,"column":525}}},"5":{"name":"(anonymous_5)","line":1,"loc":{"start":{"line":1,"column":699},"end":{"line":1,"column":714}}},"6":{"name":"o","line":1,"loc":{"start":{"line":1,"column":728},"end":{"line":1,"column":741}}},"7":{"name":"r","line":1,"loc":{"start":{"line":1,"column":779},"end":{"line":1,"column":796}}},"8":{"name":"a","line":1,"loc":{"start":{"line":1,"column":899},"end":{"line":1,"column":914}}},"9":{"name":"i","line":1,"loc":{"start":{"line":1,"column":993},"end":{"line":1,"column":1008}}},"10":{"name":"s","line":1,"loc":{"start":{"line":1,"column":1156},"end":{"line":1,"column":1171}}},"11":{"name":"(anonymous_11)","line":1,"loc":{"start":{"line":1,"column":1526},"end":{"line":1,"column":1536}}},"12":{"name":"e","line":1,"loc":{"start":{"line":1,"column":1537},"end":{"line":1,"column":1552}}},"13":{"name":"(anonymous_13)","line":1,"loc":{"start":{"line":1,"column":1710},"end":{"line":1,"column":1725}}},"14":{"name":"(anonymous_14)","line":1,"loc":{"start":{"line":1,"column":1950},"end":{"line":1,"column":1961}}},"15":{"name":"t","line":1,"loc":{"start":{"line":1,"column":1962},"end":{"line":1,"column":1975}}},"16":{"name":"(anonymous_16)","line":1,"loc":{"start":{"line":1,"column":2078},"end":{"line":1,"column":2088}}},"17":{"name":"(anonymous_17)","line":1,"loc":{"start":{"line":1,"column":2543},"end":{"line":1,"column":2553}}},"18":{"name":"(anonymous_18)","line":1,"loc":{"start":{"line":1,"column":2625},"end":{"line":1,"column":2635}}},"19":{"name":"(anonymous_19)","line":1,"loc":{"start":{"line":1,"column":2668},"end":{"line":1,"column":2679}}},"20":{"name":"(anonymous_20)","line":1,"loc":{"start":{"line":1,"column":2799},"end":{"line":1,"column":2810}}},"21":{"name":"(anonymous_21)","line":1,"loc":{"start":{"line":1,"column":2888},"end":{"line":1,"column":2898}}},"22":{"name":"(anonymous_22)","line":1,"loc":{"start":{"line":1,"column":2977},"end":{"line":1,"column":2987}}},"23":{"name":"(anonymous_23)","line":1,"loc":{"start":{"line":1,"column":3047},"end":{"line":1,"column":3057}}},"24":{"name":"(anonymous_24)","line":1,"loc":{"start":{"line":1,"column":3105},"end":{"line":1,"column":3115}}},"25":{"name":"(anonymous_25)","line":1,"loc":{"start":{"line":1,"column":3151},"end":{"line":1,"column":3162}}},"26":{"name":"(anonymous_26)","line":1,"loc":{"start":{"line":1,"column":3244},"end":{"line":1,"column":3255}}},"27":{"name":"(anonymous_27)","line":1,"loc":{"start":{"line":1,"column":3351},"end":{"line":1,"column":3362}}},"28":{"name":"(anonymous_28)","line":1,"loc":{"start":{"line":1,"column":3583},"end":{"line":1,"column":3596}}},"29":{"name":"(anonymous_29)","line":1,"loc":{"start":{"line":1,"column":3626},"end":{"line":1,"column":3636}}},"30":{"name":"(anonymous_30)","line":1,"loc":{"start":{"line":1,"column":3677},"end":{"line":1,"column":3687}}},"31":{"name":"(anonymous_31)","line":1,"loc":{"start":{"line":1,"column":3802},"end":{"line":1,"column":3817}}},"32":{"name":"(anonymous_32)","line":1,"loc":{"start":{"line":1,"column":4187},"end":{"line":1,"column":4198}}},"33":{"name":"(anonymous_33)","line":1,"loc":{"start":{"line":1,"column":4390},"end":{"line":1,"column":4400}}},"34":{"name":"(anonymous_34)","line":1,"loc":{"start":{"line":1,"column":4451},"end":{"line":1,"column":4462}}},"35":{"name":"(anonymous_35)","line":1,"loc":{"start":{"line":1,"column":5312},"end":{"line":1,"column":5323}}},"36":{"name":"(anonymous_36)","line":1,"loc":{"start":{"line":1,"column":5386},"end":{"line":1,"column":5396}}},"37":{"name":"(anonymous_37)","line":1,"loc":{"start":{"line":1,"column":6645},"end":{"line":1,"column":6655}}},"38":{"name":"(anonymous_38)","line":1,"loc":{"start":{"line":1,"column":7393},"end":{"line":1,"column":7403}}},"39":{"name":"(anonymous_39)","line":1,"loc":{"start":{"line":1,"column":7643},"end":{"line":1,"column":7653}}},"40":{"name":"(anonymous_40)","line":1,"loc":{"start":{"line":1,"column":7716},"end":{"line":1,"column":7726}}},"41":{"name":"(anonymous_41)","line":1,"loc":{"start":{"line":1,"column":7801},"end":{"line":1,"column":7811}}},"42":{"name":"(anonymous_42)","line":1,"loc":{"start":{"line":1,"column":7821},"end":{"line":1,"column":7831}}},"43":{"name":"(anonymous_43)","line":1,"loc":{"start":{"line":1,"column":7843},"end":{"line":1,"column":7853}}},"44":{"name":"(anonymous_44)","line":1,"loc":{"start":{"line":1,"column":7871},"end":{"line":1,"column":7881}}},"45":{"name":"(anonymous_45)","line":1,"loc":{"start":{"line":1,"column":7898},"end":{"line":1,"column":7908}}},"46":{"name":"(anonymous_46)","line":1,"loc":{"start":{"line":1,"column":8173},"end":{"line":1,"column":8183}}},"47":{"name":"(anonymous_47)","line":1,"loc":{"start":{"line":1,"column":8238},"end":{"line":1,"column":8248}}},"48":{"name":"(anonymous_48)","line":1,"loc":{"start":{"line":1,"column":9115},"end":{"line":1,"column":9130}}},"49":{"name":"o","line":1,"loc":{"start":{"line":1,"column":9144},"end":{"line":1,"column":9157}}},"50":{"name":"r","line":1,"loc":{"start":{"line":1,"column":9195},"end":{"line":1,"column":9210}}},"51":{"name":"a","line":1,"loc":{"start":{"line":1,"column":9289},"end":{"line":1,"column":9304}}},"52":{"name":"i","line":1,"loc":{"start":{"line":1,"column":9452},"end":{"line":1,"column":9467}}},"53":{"name":"(anonymous_53)","line":1,"loc":{"start":{"line":1,"column":9822},"end":{"line":1,"column":9832}}},"54":{"name":"e","line":1,"loc":{"start":{"line":1,"column":9833},"end":{"line":1,"column":9848}}},"55":{"name":"(anonymous_55)","line":1,"loc":{"start":{"line":1,"column":10006},"end":{"line":1,"column":10021}}},"56":{"name":"(anonymous_56)","line":1,"loc":{"start":{"line":1,"column":10245},"end":{"line":1,"column":10255}}},"57":{"name":"(anonymous_57)","line":1,"loc":{"start":{"line":1,"column":10367},"end":{"line":1,"column":10378}}},"58":{"name":"(anonymous_58)","line":1,"loc":{"start":{"line":1,"column":10407},"end":{"line":1,"column":10418}}},"59":{"name":"t","line":1,"loc":{"start":{"line":1,"column":10419},"end":{"line":1,"column":10432}}},"60":{"name":"(anonymous_60)","line":1,"loc":{"start":{"line":1,"column":10538},"end":{"line":1,"column":10549}}},"61":{"name":"(anonymous_61)","line":1,"loc":{"start":{"line":1,"column":10599},"end":{"line":1,"column":10610}}},"62":{"name":"(anonymous_62)","line":1,"loc":{"start":{"line":1,"column":10667},"end":{"line":1,"column":10677}}},"63":{"name":"(anonymous_63)","line":1,"loc":{"start":{"line":1,"column":11006},"end":{"line":1,"column":11017}}},"64":{"name":"(anonymous_64)","line":1,"loc":{"start":{"line":1,"column":11095},"end":{"line":1,"column":11105}}},"65":{"name":"(anonymous_65)","line":1,"loc":{"start":{"line":1,"column":11160},"end":{"line":1,"column":11170}}},"66":{"name":"(anonymous_66)","line":1,"loc":{"start":{"line":1,"column":11231},"end":{"line":1,"column":11241}}},"67":{"name":"(anonymous_67)","line":1,"loc":{"start":{"line":1,"column":11301},"end":{"line":1,"column":11311}}},"68":{"name":"(anonymous_68)","line":1,"loc":{"start":{"line":1,"column":11373},"end":{"line":1,"column":11386}}},"69":{"name":"(anonymous_69)","line":1,"loc":{"start":{"line":1,"column":11439},"end":{"line":1,"column":11450}}},"70":{"name":"(anonymous_70)","line":1,"loc":{"start":{"line":1,"column":11513},"end":{"line":1,"column":11523}}},"71":{"name":"(anonymous_71)","line":1,"loc":{"start":{"line":1,"column":11585},"end":{"line":1,"column":11596}}},"72":{"name":"(anonymous_72)","line":1,"loc":{"start":{"line":1,"column":11659},"end":{"line":1,"column":11670}}},"73":{"name":"(anonymous_73)","line":1,"loc":{"start":{"line":1,"column":11740},"end":{"line":1,"column":11751}}},"74":{"name":"(anonymous_74)","line":1,"loc":{"start":{"line":1,"column":11806},"end":{"line":1,"column":11816}}},"75":{"name":"(anonymous_75)","line":1,"loc":{"start":{"line":1,"column":11870},"end":{"line":1,"column":11880}}},"76":{"name":"(anonymous_76)","line":1,"loc":{"start":{"line":1,"column":12141},"end":{"line":1,"column":12152}}},"77":{"name":"(anonymous_77)","line":1,"loc":{"start":{"line":1,"column":12330},"end":{"line":1,"column":12340}}},"78":{"name":"(anonymous_78)","line":1,"loc":{"start":{"line":1,"column":12604},"end":{"line":1,"column":12614}}},"79":{"name":"(anonymous_79)","line":1,"loc":{"start":{"line":1,"column":12870},"end":{"line":1,"column":12880}}},"80":{"name":"(anonymous_80)","line":1,"loc":{"start":{"line":1,"column":13278},"end":{"line":1,"column":13288}}},"81":{"name":"(anonymous_81)","line":1,"loc":{"start":{"line":1,"column":13633},"end":{"line":1,"column":13643}}},"82":{"name":"(anonymous_82)","line":1,"loc":{"start":{"line":1,"column":13900},"end":{"line":1,"column":13910}}},"83":{"name":"(anonymous_83)","line":1,"loc":{"start":{"line":1,"column":14023},"end":{"line":1,"column":14034}}},"84":{"name":"(anonymous_84)","line":1,"loc":{"start":{"line":1,"column":14162},"end":{"line":1,"column":14172}}},"85":{"name":"(anonymous_85)","line":1,"loc":{"start":{"line":1,"column":15595},"end":{"line":1,"column":15605}}},"86":{"name":"(anonymous_86)","line":1,"loc":{"start":{"line":1,"column":15629},"end":{"line":1,"column":15639}}},"87":{"name":"(anonymous_87)","line":1,"loc":{"start":{"line":1,"column":15771},"end":{"line":1,"column":15782}}},"88":{"name":"(anonymous_88)","line":1,"loc":{"start":{"line":1,"column":16060},"end":{"line":1,"column":16070}}},"89":{"name":"(anonymous_89)","line":1,"loc":{"start":{"line":1,"column":1
[...]
"end":{"line":27,"column":93}},"34":{"start":{"line":29,"column":0},"end":{"line":29,"column":220}},"35":{"start":{"line":29,"column":47},"end":{"line":29,"column":63}},"36":{"start":{"line":29,"column":64},"end":{"line":29,"column":203}},"37":{"start":{"line":29,"column":85},"end":{"line":29,"column":120}},"38":{"start":{"line":29,"column":111},"end":{"line":29,"column":120}},"39":{"start":{"line":29,"column":121},"end":{"line":29,"column":181}},"40":{"start":{"line":29,"column":172},"end":{"line":29,"column":181}},"41":{"start":{"line":29,"column":182},"end":{"line":29,"column":201}},"42":{"start":{"line":29,"column":204},"end":{"line":29,"column":218}},"43":{"start":{"line":31,"column":0},"end":{"line":31,"column":153}},"44":{"start":{"line":31,"column":50},"end":{"line":31,"column":151}},"45":{"start":{"line":31,"column":92},"end":{"line":31,"column":149}},"46":{"start":{"line":33,"column":0},"end":{"line":33,"column":240}},"47":{"start":{"line":33,"column":50},"end":{"line":33,"column":151}},"48":{"start":{"line":33,"column":63},"end":{"line":33,"column":149}},"49":{"start":{"line":33,"column":152},"end":{"line":33,"column":238}},"50":{"start":{"line":35,"column":0},"end":{"line":35,"column":494}},"51":{"start":{"line":35,"column":43},"end":{"line":35,"column":208}},"52":{"start":{"line":35,"column":106},"end":{"line":35,"column":206}},"53":{"start":{"line":35,"column":209},"end":{"line":35,"column":373}},"54":{"start":{"line":35,"column":374},"end":{"line":35,"column":492}},"55":{"start":{"line":35,"column":390},"end":{"line":35,"column":492}},"56":{"start":{"line":37,"column":0},"end":{"line":46,"column":1}},"57":{"start":{"line":38,"column":2},"end":{"line":38,"column":31}},"58":{"start":{"line":40,"column":2},"end":{"line":40,"column":60}},"59":{"start":{"line":41,"column":2},"end":{"line":45,"column":3}},"60":{"start":{"line":42,"column":4},"end":{"line":42,"column":98}},"61":{"start":{"line":43,"column":9},"end":{"line":45,"column":3}},"62":{"start":{"line":44,"column":4},"end":{"line":44,"column":85}},"63":{"start":{"line":48,"column":0},"end":{"line":48,"column":162}},"64":{"start":{"line":50,"column":0},"end":{"line":173,"column":29}},"65":{"start":{"line":51,"column":2},"end":{"line":51,"column":47}},"66":{"start":{"line":53,"column":2},"end":{"line":134,"column":3}},"67":{"start":{"line":54,"column":4},"end":{"line":54,"column":14}},"68":{"start":{"line":56,"column":4},"end":{"line":56,"column":27}},"69":{"start":{"line":58,"column":4},"end":{"line":58,"column":43}},"70":{"start":{"line":60,"column":4},"end":{"line":62,"column":5}},"71":{"start":{"line":61,"column":6},"end":{"line":61,"column":35}},"72":{"start":{"line":64,"column":4},"end":{"line":133,"column":55}},"73":{"start":{"line":65,"column":6},"end":{"line":65,"column":37}},"74":{"start":{"line":67,"column":6},"end":{"line":67,"column":36}},"75":{"start":{"line":69,"column":6},"end":{"line":69,"column":38}},"76":{"start":{"line":71,"column":6},"end":{"line":74,"column":7}},"77":{"start":{"line":72,"column":8},"end":{"line":72,"column":76}},"78":{"start":{"line":73,"column":8},"end":{"line":73,"column":82}},"79":{"start":{"line":76,"column":6},"end":{"line":78,"column":7}},"80":{"start":{"line":77,"column":8},"end":{"line":77,"column":32}},"81":{"start":{"line":80,"column":6},"end":{"line":80,"column":38}},"82":{"start":{"line":81,"column":6},"end":{"line":81,"column":27}},"83":{"start":{"line":83,"column":6},"end":{"line":86,"column":56}},"84":{"start":{"line":88,"column":6},"end":{"line":88,"column":41}},"85":{"start":{"line":91,"column":6},"end":{"line":97,"column":7}},"86":{"start":{"line":93,"column":8},"end":{"line":95,"column":9}},"87":{"start":{"line":94,"column":10},"end":{"line":94,"column":27}},"88":{"start":{"line":96,"column":8},"end":{"line":96,"column":15}},"89":{"start":{"line":100,"column":6},"end":{"line":107,"column":7}},"90":{"start":{"line":102,"column":8},"end":{"line":102,"column":76}},"91":{"start":{"line":105,"column":8},"end":{"line":105,"column":56}},"92":{"start":{"line":106,"column":8},"end":{"line":106,"column":55}},"93":{"start":{"line":110,"column":6},"end":{"line":113,"column":9}},"94":{"start":{"line":112,"column":8},"end":{"line":112,"column":30}},"95":{"start":{"line":115,"column":6},"end":{"line":118,"column":100}},"96":{"start":{"line":121,"column":6},"end":{"line":124,"column":18}},"97":{"start":{"line":126,"column":6},"end":{"line":130,"column":7}},"98":{"start":{"line":127,"column":8},"end":{"line":127,"column":60}},"99":{"start":{"line":129,"column":8},"end":{"line":129,"column":48}},"100":{"start":{"line":132,"column":6},"end":{"line":132,"column":31}},"101":{"start":{"line":136,"column":2},"end":{"line":170,"column":6}},"102":{"start":{"line":139,"column":6},"end":{"line":139,"column":62}},"103":{"start":{"line":140,"column":6},"end":{"line":140,"column":21}},"104":{"start":{"line":145,"column":6},"end":{"line":145,"column":21}},"105":{"start":{"line":150,"column":6},"end":{"line":150,"column":22}},"106":{"start":{"line":155,"column":6},"end":{"line":155,"column":41}},"107":{"start":{"line":157,"column":6},"end":{"line":157,"column":28}},"108":{"start":{"line":161,"column":6},"end":{"line":166,"column":9}},"109":{"start":{"line":162,"column":8},"end":{"line":165,"column":9}},"110":{"start":{"line":163,"column":10},"end":{"line":163,"column":29}},"111":{"start":{"line":164,"column":10},"end":{"line":164,"column":23}},"112":{"start":{"line":168,"column":6},"end":{"line":168,"column":24}},"113":{"start":{"line":172,"column":2},"end":{"line":172,"column":25}},"114":{"start":{"line":175,"column":0},"end":{"line":192,"column":2}},"115":{"start":{"line":193,"column":0},"end":{"line":196,"column":2}},"116":{"start":{"line":197,"column":0},"end":{"line":197,"column":34}}},"branchMap":{"1":{"line":7,"type":"binary-expr","locations":[{"start":{"line":7,"column":15},"end":{"line":7,"column":28}},{"start":{"line":7,"column":32},"end":{"line":7,"column":256}}]},"2":{"line":7,"type":"if","locations":[{"start":{"line":7,"column":150},"end":{"line":7,"column":150}},{"start":{"line":7,"column":150},"end":{"line":7,"column":150}}]},"3":{"line":9,"type":"binary-expr","locations":[{"start":{"line":9,"column":168},"end":{"line":9,"column":189}},{"start":{"line":9,"column":193},"end":{"line":9,"column":198}}]},"4":{"line":9,"type":"if","locations":[{"start":{"line":9,"column":232},"end":{"line":9,"column":232}},{"start":{"line":9,"column":232},"end":{"line":9,"column":232}}]},"5":{"line":9,"type":"if","locations":[{"start":{"line":9,"column":407},"end":{"line":9,"column":407}},{"start":{"line":9,"column":407},"end":{"line":9,"column":407}}]},"6":{"line":9,"type":"if","locations":[{"start":{"line":9,"column":476},"end":{"line":9,"column":476}},{"start":{"line":9,"column":476},"end":{"line":9,"column":476}}]},"7":{"line":27,"type":"cond-expr","locations":[{"start":{"line":27,"column":70},"end":{"line":27,"column":73}},{"start":{"line":27,"column":76},"end":{"line":27,"column":92}}]},"8":{"line":27,"type":"binary-expr","locations":[{"start":{"line":27,"column":46},"end":{"line":27,"column":49}},{"start":{"line":27,"column":53},"end":{"line":27,"column":67}}]},"9":{"line":29,"type":"if","locations":[{"start":{"line":29,"column":85},"end":{"line":29,"column":85}},{"start":{"line":29,"column":85},"end":{"line":29,"column":85}}]},"10":{"line":29,"type":"if","locations":[{"start":{"line":29,"column":121},"end":{"line":29,"column":121}},{"start":{"line":29,"column":121},"end":{"line":29,"column":121}}]},"11":{"line":31,"type":"if","locations":[{"start":{"line":31,"column":50},"end":{"line":31,"column":50}},{"start":{"line":31,"column":50},"end":{"line":31,"column":50}}]},"12":{"line":33,"type":"if","locations":[{"start":{"line":33,"column":50},"end":{"line":33,"column":50}},{"start":{"line":33,"column":50},"end":{"line":33,"column":50}}]},"13":{"line":33,"type":"cond-expr","locations":[{"start":{"line":33,"column":226},"end":{"line":33,"column":230}},{"start":{"line":33,"column":233},"end":{"line":33,"column":237}}]},"14":{"line":33,"type":"binary-expr","locations":[{"start":{"line":33,"column":159},"end":{"line":33,"column":163}},{"start":{"line":33,"column":168},"end":{"line":33,"column":192}},{"start":{"line":33,"column":196},"end":{"line":33,"column":222}}]},"15":{"line":35,"type":"if","locations":[{"start":{"line":35,"column":43},"end":{"line":35,"column":43}},{"start":{"line":35,"column":43},"end":{"line":35,"column":43}}]},"16":{"line":35,"type":"binary-expr","locations":[{"start":{"line":35,"column":47},"end":{"line":35,"column":79}},{"start":{"line":35,"column":83},"end":{"line":35,"column":102}}]},"17":{"line":35,"type":"binary-expr","locations":[{"start":{"line":35,"column":244},"end":{"line":35,"column":254}},{"start":{"line":35,"column":258},"end":{"line":35,"column":278}}]},"18":{"line":35,"type":"if","locations":[{"start":{"line":35,"column":374},"end":{"line":35,"column":374}},{"start":{"line":35,"column":374},"end":{"line":35,"column":374}}]},"19":{"line":35,"type":"cond-expr","locations":[{"start":{"line":35,"column":414},"end":{"line":35,"column":457}},{"start":{"line":35,"column":460},"end":{"line":35,"column":491}}]},"20":{"line":41,"type":"if","locations":[{"start":{"line":41,"column":2},"end":{"line":41,"column":2}},{"start":{"line":41,"column":2},"end":{"line":41,"column":2}}]},"21":{"line":43,"type":"if","locations":[{"start":{"line":43,"column":9},"end":{"line":43,"column":9}},{"start":{"line":43,"column":9},"end":{"line":43,"column":9}}]},"22":{"line":64,"type":"binary-expr","locations":[{"start":{"line":64,"column":78},"end":{"line":64,"column":103}},{"start":{"line":64,"column":107},"end":{"line":64,"column":145}}]},"23":{"line":71,"type":"if","locations":[{"start":{"line":71,"column":6},"end":{"line":71,"column":6}},{"start":{"line":71,"column":6},"end":{"line":71,"column":6}}]},"24":{"line":76,"type":"if","locations":[{"start":{"line":76,"column":6},"end":{"line":76,"column":6}},{"start":{"line":76,"column":6},"end":{"line":76,"column":6}}]},"25":{"line":91,"type":"if","locations":[{"start":{"line":91,"column":6},"end":{"line":91,"column":6}},{"start":{"line":91,"column":6},"end":{"line":91,"column":6}}]},"26":{"line":93,"type":"if","locations":[{"start":{"line":93,"column":8},"end":{"line":93,"column":8}},{"start":{"line":93,"column":8},"end":{"line":93,"column":8}}]},"27":{"line":100,"type":"if","locations":[{"start":{"line":100,"column":6},"end":{"line":100,"column":6}},{"start":{"line":100,"column":6},"end":{"line":100,"column":6}}]},"28":{"line":105,"type":"binary-expr","locations":[{"start":{"line":105,"column":23},"end":{"line":105,"column":38}},{"start":{"line":105,"column":42},"end":{"line":105,"column":55}}]},"29":{"line":126,"type":"if","locations":[{"start":{"line":126,"column":6},"end":{"line":126,"column":6}},{"start":{"line":126,"column":6},"end":{"line":126,"column":6}}]},"30":{"line":162,"type":"if","locations":[{"start":{"line":162,"column":8},"end":{"line":162,"column":8}},{"start":{"line":162,"column":8},"end":{"line":162,"column":8}}]}},"code":["'use strict';","","Object.defineProperty(exports, \"__esModule\", {","  value: true","});","","var _extends = Object.assign || function (target) { for (var i = 1; i < arguments.length; i++) { var source = arguments[i]; for (var key in source) { if (Object.prototype.hasOwnProperty.call(source, key)) { target[key] = source[key]; } } } return target; };","","var _createClass = function () { function defineProperties(target, props) { for (var i = 0; i < props.length; i++) { var descriptor = props[i]; descriptor.enumerable = descriptor.enumerable || false; descriptor.configurable = true; if (\"value\" in descriptor) descriptor.writable = true; Object.defineProperty(target, descriptor.key, descriptor); } } return function (Constructor, protoProps, staticProps) { if (protoProps) defineProperties(Constructor.prototype, protoProps); if (staticProps) defineProperties(Constructor, staticProps); return Constructor; }; }();","","var _react = require('react');","","var _react2 = _interopRequireDefault(_react);","","var _propTypes = require('prop-types');","","var _propTypes2 = _interopRequireDefault(_propTypes);","","var _reactDom = require('react-dom');","","var _reactDom2 = _interopRequireDefault(_reactDom);","","var _tether = require('tether');","","var _tether2 = _interopRequireDefault(_tether);","","function _interopRequireDefault(obj) { return obj && obj.__esModule ? obj : { default: obj }; }","","function _objectWithoutProperties(obj, keys) { var target = {}; for (var i in obj) { if (keys.indexOf(i) >= 0) continue; if (!Object.prototype.hasOwnProperty.call(obj, i)) continue; target[i] = obj[i]; } return target; }","","function _classCallCheck(instance, Constructor) { if (!(instance instanceof Constructor)) { throw new TypeError(\"Cannot call a class as a function\"); } }","","function _possibleConstructorReturn(self, call) { if (!self) { throw new ReferenceError(\"this hasn't been initialised - super() hasn't been called\"); } return call && (typeof call === \"object\" || typeof call === \"function\") ? call : self; }","","function _inherits(subClass, superClass) { if (typeof superClass !== \"function\" && superClass !== null) { throw new TypeError(\"Super expression must either be null or a function, not \" + typeof superClass); } subClass.prototype = Object.create(superClass && superClass.prototype, { constructor: { value: subClass, enumerable: false, writable: true, configurable: true } }); if (superClass) Object.setPrototypeOf ? Object.setPrototypeOf(subClass, superClass) : subClass.__proto__ = superClass; }","","function childrenPropType(_ref, propName, componentName) {","  var children = _ref.children;","","  var childCount = _react2.default.Children.count(children);","  if (childCount <= 0) {","    return new Error(componentName + ' expects at least one child to use as the target element.');","  } else if (childCount > 2) {","    return new Error('Only a max of two children allowed in ' + componentName + '.');","  }","}","","var attachmentPositions = ['top left', 'top center', 'top right', 'middle left', 'middle center', 'middle right', 'bottom left', 'bottom center', 'bottom right'];","","var TetherComponent = function (_React$Component) {","  _inherits(TetherComponent, _React$Component);","","  function TetherComponent() {","    var _ref2;","","    var _temp, _this, _ret;","","    _classCallCheck(this, TetherComponent);","","    for (var _len = arguments.length, args = Array(_len), _key = 0; _key < _len; _key++) {","      args[_key] = arguments[_key];","    }","","    return _ret = (_temp = (_this = _possibleConstructorReturn(this, (_ref2 = TetherComponent.__proto__ || Object.getPrototypeOf(TetherComponent)).call.apply(_ref2, [this].concat(args))), _this), _this.disable = function () {","      return _this._tether.disable();","    }, _this.enable = function () {","      return _this._tether.enable();","    }, _this.position = function () {","      return _this._tether.position();","    }, _this._destroy = function () {","      if (_this._elementParentNode) {","        _reactDom2.default.unmountComponentAtNode(_this._elementParentNode);","        _this._elementParentNode.parentNode.removeChild(_this._elementParentNode);","      }","","      if (_this._tether) {","        _this._tether.destroy();","      }","","      _this._elementParentNode = null;","      _this._tether = null;","    }, _this._update = function () {","      var _this$props = _this.props,","          children = _this$props.children,","          renderElementTag = _this$props.renderElementTag,","          renderElementTo = _this$props.renderElementTo;","","      var elementComponent = children[1];","","      // if no element component provided, bail out","      if (!elementComponent) {","        // destroy Tether elements if they have been created","        if (_this._tether) {","          _this._destroy();","        }","        return;","      }","","      // create element node container if it hasn't been yet","      if (!_this._elementParentNode) {","        // create a node that we can stick our content Component in","        _this._elementParentNode = document.createElement(renderElementTag);","","        // append node to the end of the body","        var renderTo = renderElementTo || document.body;","        renderTo.appendChild(_this._elementParentNode);","      }","","      // render element component into the DOM","      _reactDom2.default.unstable_renderSubtreeIntoContainer(_this, elementComponent, _this._elementParentNode, function () {","        // don't update Tether until the subtree has finished rendering","        _this._updateTether();","      });","    }, _this._updateTether = function () {","      var _this$props2 = _this.props,","          renderElementTag = _this$props2.renderElementTag,","          renderElementTo = _this$props2.renderElementTo,","          options = _objectWithoutProperties(_this$props2, ['renderElementTag', 'renderElementTo']); // eslint-disable-line no-unused-vars","","","      var tetherOptions = _extends({","        target: _this._targetNode,","        element: _this._elementParentNode","      }, options);","","      if (!_this._tether) {","        _this._tether = new _tether2.default(tetherOptions);","      } else {","        _this._tether.setOptions(tetherOptions);","      }","","      _this._tether.position();","    }, _temp), _possibleConstructorReturn(_this, _ret);","  }","","  _createClass(TetherComponent, [{","    key: 'componentDidMount',","    value: function componentDidMount() {","      this._targetNode = _reactDom2.default.findDOMNode(this);","      this._update();","    }","  }, {","    key: 'componentDidUpdate',","    value: function componentDidUpdate() {","      this._update();","    }","  }, {","    key: 'componentWillUnmount',","    value: function componentWillUnmount() {","      this._destroy();","    }","  }, {","    key: 'render',","    value: function render() {","      var children = this.props.children;","","      var firstChild = null;","","      // we use forEach because the second child could be null","      // causing children to not be an array","      _react2.default.Children.forEach(children, function (child, index) {","        if (index === 0) {","          firstChild = child;","          return false;","        }","      });","","      return firstChild;","    }","  }]);","","  return TetherComponent;","}(_react2.default.Component);","","TetherComponent.propTypes = {","  attachment: _propTypes2.default.oneOf(attachmentPositions).isRequired,","  children: childrenPropType,","  className: _propTypes2.default.string,","  classPrefix: _propTypes2.default.string,","  classes: _propTypes2.default.object,","  constraints: _propTypes2.default.array,","  enabled: _propTypes2.default.bool,","  id: _propTypes2.default.string,","  offset: _propTypes2.default.string,","  optimizations: _propTypes2.default.object,","  renderElementTag: _propTypes2.default.string,","  renderElementTo: _propTypes2.default.any,","  style: _propTypes2.default.object,","  targetAttachment: _propTypes2.default.oneOf(attachmentPositions),","  targetModifier: _propTypes2.default.string,","  targetOffset: _propTypes2.default.string","};","TetherComponent.defaultProps = {","  renderElementTag: 'div',","  renderElementTo: null","};","exports.default = TetherComponent;",""],"l":{"3":1,"7":1,"9":4,"11":1,"13":1,"15":1,"17":1,"19":1,"21":1,"23":1,"25":1,"27":4,"29":1,"31":1,"33":1,"35":1,"37":1,"38":0,"40":0,"41":0,"42":0,"43":0,"44":0,"48":1,"50":1,"51":1,"53":1,"54":0,"56":0,"58":0,"60":0,"61":0,"64":0,"65":0,"67":0,"69":0,"71":0,"72":0,"73":0,"76":0,"77":0,"80":0,"81":0,"83":0,"88":0,"91":0,"93":0,"94":0,"96":0,"100":0,"102":0,"105":0,"106":0,"110":0,"112":0,"115":0,"121":0,"126":0,"127":0,"129":0,"132":0,"136":1,"139":0,"140":0,"145":0,"150":0,"155":0,"157":0,"161":0,"162":0,"163":0,"164":0,"168":0,"172":1,"175":1,"193":1,"197":1}}}